{"devicePlatform":"","logFolder":"D:\\Katalon_Works\\Katalon_Assignment_2\\Renu_Katalon_Assignment_2\\Reports\\AddNewAdmin\\20181027_171201","runData":{"hostName":"Renu - Renu-PC","os":"Windows 7 64bit","katalonVersion":"5.4.1.1","browser":"Firefox 62.0","dbServerInfo":"MySQL 5.6.20","hostAddress":"192.168.1.75","sessionId":"d965d057-62ea-483a-bc87-2250eaffb629","seleniumVersion":"3.7.1","proxyInformation":"ProxyInformation{proxyOption\u003dNO_PROXY, proxyServerType\u003dHTTP, password\u003d, proxyServerAddress\u003d, proxyServerPort\u003d0}","platform":"Windows 7"},"type":"TEST_SUITE","name":"AddNewAdmin","id":"Test Suites/AddNewAdmin","source":"","message":"Test Cases/User/AddAdmin FAILED because (of) org.codehaus.groovy.runtime.InvokerInvocationException: groovy.lang.MissingMethodException: No signature of method: com.kms.katalon.core.testdata.DBData.getValue() is applicable for argument types: (phpTravels.User, java.lang.Integer) values: [FirstName, 1]\nPossible solutions: getValue(int, int), getValue(java.lang.String, int), getClass(), getData(), getType()","description":"","startTime":1540640524762,"endTime":1540640557949,"childRecords":[{"isOptional":false,"type":"TEST_CASE","name":"Test Cases/Common/NavigateToUrl","id":"Test Cases/Common/NavigateToUrl","source":"D:\\\\Katalon_Works\\\\Katalon_Assignment_2\\\\Renu_Katalon_Assignment_2\\\\Test Cases\\\\Common\\\\NavigateToUrl.tc","message":"Test Cases/Common/NavigateToUrl","description":"","startTime":1540640525604,"endTime":1540640543173,"childRecords":[{"testStatus":{"stackTrace":"","statusValue":"INFO"},"type":"MESSAGE","name":"","message":"Evaluating variables for test case","startTime":1540640525663,"endTime":0,"childRecords":[],"interuppted":false},{"index":1,"isIgnoredIfFailed":false,"type":"TEST_STEP","name":"openBrowser","message":"Browser is opened with url: \u0027\u0027","description":"","startTime":1540640526308,"endTime":1540640533371,"childRecords":[{"testStatus":{"stackTrace":"","statusValue":"PASSED"},"type":"MESSAGE","name":"","message":"Browser is opened with url: \u0027\u0027","startTime":1540640533370,"endTime":0,"childRecords":[],"interuppted":false}],"interuppted":false},{"index":2,"isIgnoredIfFailed":false,"type":"TEST_STEP","name":"openBrowser","message":"Browser is opened with url: \u0027\u0027","description":"","startTime":1540640533372,"endTime":1540640540294,"childRecords":[{"testStatus":{"stackTrace":"","statusValue":"WARNING"},"type":"MESSAGE","name":"","message":"A browser is already opened. Closing browser and opening a new one","startTime":1540640533375,"endTime":0,"childRecords":[],"interuppted":false},{"testStatus":{"stackTrace":"","statusValue":"PASSED"},"type":"MESSAGE","name":"","message":"Browser is opened with url: \u0027\u0027","startTime":1540640540290,"endTime":0,"childRecords":[],"interuppted":false}],"interuppted":false},{"index":3,"isIgnoredIfFailed":false,"type":"TEST_STEP","name":"navigateToUrl","message":"Navigate to \u0027https://www.phptravels.net/admin\u0027 successfully","description":"","startTime":1540640540295,"endTime":1540640543172,"childRecords":[{"testStatus":{"stackTrace":"","statusValue":"PASSED"},"type":"MESSAGE","name":"","message":"Navigate to \u0027https://www.phptravels.net/admin\u0027 successfully","startTime":1540640543169,"endTime":0,"childRecords":[],"interuppted":false}],"interuppted":false},{"testStatus":{"stackTrace":"","statusValue":"PASSED"},"type":"MESSAGE","name":"","message":"Test Cases/Common/NavigateToUrl","startTime":1540640543172,"endTime":0,"childRecords":[],"interuppted":false}],"interuppted":false},{"isOptional":false,"type":"TEST_CASE","name":"Test Cases/Common/LoginAsAdmin","id":"Test Cases/Common/LoginAsAdmin","source":"D:\\\\Katalon_Works\\\\Katalon_Assignment_2\\\\Renu_Katalon_Assignment_2\\\\Test Cases\\\\Common\\\\LoginAsAdmin.tc","message":"Test Cases/Common/LoginAsAdmin","description":"","startTime":1540640543194,"endTime":1540640546597,"childRecords":[{"testStatus":{"stackTrace":"","statusValue":"INFO"},"type":"MESSAGE","name":"","message":"Evaluating variables for test case","startTime":1540640543241,"endTime":0,"childRecords":[],"interuppted":false},{"index":1,"isIgnoredIfFailed":false,"type":"TEST_STEP","name":"phpTravels.Common.Login","message":"phpTravels.Common.Login is PASSED","description":"","startTime":1540640543859,"endTime":1540640546595,"childRecords":[{"testStatus":{"stackTrace":"","statusValue":"PASSED"},"type":"MESSAGE","name":"","message":"Text \u0027admin@phptravels.com\u0027 is set on object \u0027Object Repository/common/login/input_email\u0027","startTime":1540640545383,"endTime":0,"childRecords":[],"interuppted":false},{"testStatus":{"stackTrace":"","statusValue":"PASSED"},"type":"MESSAGE","name":"","message":"Text \u0027demoadmin\u0027 is set on object \u0027Object Repository/common/login/input_password\u0027","startTime":1540640545872,"endTime":0,"childRecords":[],"interuppted":false},{"testStatus":{"stackTrace":"","statusValue":"PASSED"},"type":"MESSAGE","name":"","message":"Object: \u0027Object Repository/common/login/button_Login\u0027 is clicked on","startTime":1540640546594,"endTime":0,"childRecords":[],"interuppted":false},{"testStatus":{"stackTrace":"","statusValue":"PASSED"},"type":"MESSAGE","name":"","message":"phpTravels.Common.Login is PASSED","startTime":1540640546595,"endTime":0,"childRecords":[],"interuppted":false}],"interuppted":false},{"testStatus":{"stackTrace":"","statusValue":"PASSED"},"type":"MESSAGE","name":"","message":"Test Cases/Common/LoginAsAdmin","startTime":1540640546596,"endTime":0,"childRecords":[],"interuppted":false}],"interuppted":false},{"isOptional":false,"type":"TEST_CASE","name":"Test Cases/User/AddAdmin","id":"Test Cases/User/AddAdmin","source":"D:\\\\Katalon_Works\\\\Katalon_Assignment_2\\\\Renu_Katalon_Assignment_2\\\\Test Cases\\\\User\\\\AddAdmin.tc","message":"Test Cases/User/AddAdmin FAILED because (of) org.codehaus.groovy.runtime.InvokerInvocationException: groovy.lang.MissingMethodException: No signature of method: com.kms.katalon.core.testdata.DBData.getValue() is applicable for argument types: (phpTravels.User, java.lang.Integer) values: [FirstName, 1]\nPossible solutions: getValue(int, int), getValue(java.lang.String, int), getClass(), getData(), getType()","description":"","startTime":1540640546682,"endTime":1540640556962,"childRecords":[{"testStatus":{"stackTrace":"","statusValue":"INFO"},"type":"MESSAGE","name":"","message":"Evaluating variables for test case","startTime":1540640546766,"endTime":0,"childRecords":[],"interuppted":false},{"index":1,"isIgnoredIfFailed":false,"type":"TEST_STEP","name":"phpTravels.Admin.NavigateToAdminPage","message":"phpTravels.Admin.NavigateToAdminPage is PASSED","description":"","startTime":1540640547117,"endTime":1540640556087,"childRecords":[{"testStatus":{"stackTrace":"","statusValue":"PASSED"},"type":"MESSAGE","name":"","message":"Object: \u0027Object Repository/user/admin/dashboard/a_Accounts\u0027 is clicked on","startTime":1540640551206,"endTime":0,"childRecords":[],"interuppted":false},{"testStatus":{"stackTrace":"","statusValue":"PASSED"},"type":"MESSAGE","name":"","message":"Object: \u0027Object Repository/user/admin/dashboard/a_Admins\u0027 is clicked on","startTime":1540640553743,"endTime":0,"childRecords":[],"interuppted":false},{"testStatus":{"stackTrace":"","statusValue":"PASSED"},"type":"MESSAGE","name":"","message":"Object: \u0027Object Repository/user/admin/action/button_Add\u0027 is clicked on","startTime":1540640556080,"endTime":0,"childRecords":[],"interuppted":false},{"testStatus":{"stackTrace":"","statusValue":"PASSED"},"type":"MESSAGE","name":"","message":"phpTravels.Admin.NavigateToAdminPage is PASSED","startTime":1540640556082,"endTime":0,"childRecords":[],"interuppted":false}],"interuppted":false},{"index":2,"isIgnoredIfFailed":false,"type":"TEST_STEP","name":"phpTravels.Admin.SetAdminDetails","message":"groovy.lang.MissingMethodException: No signature of method: com.kms.katalon.core.testdata.DBData.getValue() is applicable for argument types: (phpTravels.User, java.lang.Integer) values: [FirstName, 1]\nPossible solutions: getValue(int, int), getValue(java.lang.String, int), getClass(), getData(), getType()","description":"","startTime":1540640556087,"endTime":1540640556943,"childRecords":[{"testStatus":{"stackTrace":"","statusValue":"ERROR"},"type":"MESSAGE","name":"","message":"groovy.lang.MissingMethodException: No signature of method: com.kms.katalon.core.testdata.DBData.getValue() is applicable for argument types: (phpTravels.User, java.lang.Integer) values: [FirstName, 1]\nPossible solutions: getValue(int, int), getValue(java.lang.String, int), getClass(), getData(), getType()","startTime":1540640556935,"endTime":0,"childRecords":[],"interuppted":false}],"interuppted":false},{"testStatus":{"stackTrace":"","statusValue":"ERROR"},"type":"MESSAGE","name":"","message":"Test Cases/User/AddAdmin FAILED because (of) org.codehaus.groovy.runtime.InvokerInvocationException: groovy.lang.MissingMethodException: No signature of method: com.kms.katalon.core.testdata.DBData.getValue() is applicable for argument types: (phpTravels.User, java.lang.Integer) values: [FirstName, 1]\nPossible solutions: getValue(int, int), getValue(java.lang.String, int), getClass(), getData(), getType()","startTime":1540640556952,"endTime":0,"childRecords":[],"interuppted":false}],"interuppted":false}],"interuppted":false}