<?xml version="1.0" encoding="UTF-8"?>
<testsuites name="CreateTourForNewAdmin" time="44" tests="3" failures="0" errors="1">
   <testsuite name="CreateTourForNewAdmin" tests="3" failures="0" errors="1" time="44" timestamp="2018-10-27 22:31:01" hostname="Renu - Renu-PC" id="Test Suites/CreateTourForNewAdmin">
      <properties>
         <property name="deviceName" value=""/>
         <property name="devicePlatform" value=""/>
         <property name="logFolder" value="D:\\Katalon_Works\\Katalon_Assignment_2\\Renu_Katalon_Assignment\\Reports\\CreateTourForNewAdmin\\20181027_223058"/>
         <property name="logFiles" value="D:\\Katalon_Works\\Katalon_Assignment_2\\Renu_Katalon_Assignment\\Reports\\CreateTourForNewAdmin\\20181027_223058\\execution0.log"/>
         <property name="attachments" value=""/>
         <property name="hostName" value="Renu - Renu-PC"/>
         <property name="os" value="Windows 7 64bit"/>
         <property name="katalonVersion" value="5.4.1.1"/>
         <property name="browser" value="Firefox 62.0"/>
         <property name="dbServerInfo" value="MySQL 5.6.20"/>
         <property name="hostAddress" value="192.168.1.75"/>
         <property name="sessionId" value="4e6b39ab-6288-4600-bdfd-12c1d9b59fbf"/>
         <property name="seleniumVersion" value="3.7.1"/>
         <property name="proxyInformation" value="ProxyInformation{proxyOption=NO_PROXY, proxyServerType=HTTP, password=, proxyServerAddress=, proxyServerPort=0}"/>
         <property name="platform" value="Windows 7"/>
      </properties>
      <testcase name="Test Cases/Common/NavigateToUrl" classname="Test Cases/Common/NavigateToUrl" status="PASSED">
         <system-out><![CDATA[2018-10-27 22:31:02 - [TEST_CASE][PASSED] - Test Cases/Common/NavigateToUrl: Test Cases/Common/NavigateToUrl

2018-10-27 22:31:03 - [TEST_STEP][PASSED] - openBrowser: Browser is opened with url: ''

2018-10-27 22:31:12 - [MESSAGE][PASSED] - Browser is opened with url: ''

2018-10-27 22:31:12 - [TEST_STEP][PASSED] - openBrowser: Browser is opened with url: ''

2018-10-27 22:31:12 - [MESSAGE][WARNING] - A browser is already opened. Closing browser and opening a new one

2018-10-27 22:31:18 - [MESSAGE][PASSED] - Browser is opened with url: ''

2018-10-27 22:31:18 - [TEST_STEP][PASSED] - navigateToUrl: Navigate to 'https://www.phptravels.net/admin' successfully

2018-10-27 22:31:21 - [MESSAGE][PASSED] - Navigate to 'https://www.phptravels.net/admin' successfully]]></system-out>
         <system-err><![CDATA[]]></system-err>
      </testcase>
      <testcase name="Test Cases/Common/LoginFromDatabase" classname="Test Cases/Common/LoginFromDatabase" status="PASSED">
         <system-out><![CDATA[2018-10-27 22:31:21 - [TEST_CASE][PASSED] - Test Cases/Common/LoginFromDatabase: Test Cases/Common/LoginFromDatabase

2018-10-27 22:31:21 - [TEST_STEP][PASSED] - Statement - dbdata = com.kms.katalon.core.testdata.TestDataFactory.findTestData(userDetail): Reading database data with query 'SELECT * FROM katalon_renu_16_10_2018.user'

2018-10-27 22:31:22 - [TEST_STEP][PASSED] - Statement - userName = dbdata.getValue(Email.ordinal(), userIndex): null

2018-10-27 22:31:22 - [TEST_STEP][PASSED] - Statement - password = dbdata.getValue(Password.ordinal(), userIndex): null

2018-10-27 22:31:22 - [TEST_STEP][PASSED] - phpTravels.Common.Login: phpTravels.Common.Login is PASSED

2018-10-27 22:31:23 - [MESSAGE][PASSED] - Text 'tr@test.com' is set on object 'Object Repository/common/login/input_email'

2018-10-27 22:31:23 - [MESSAGE][PASSED] - Text 'inapp2.0' is set on object 'Object Repository/common/login/input_password'

2018-10-27 22:31:23 - [MESSAGE][PASSED] - Object: 'Object Repository/common/login/button_Login' is clicked on

2018-10-27 22:31:23 - [MESSAGE][PASSED] - phpTravels.Common.Login is PASSED]]></system-out>
         <system-err><![CDATA[]]></system-err>
      </testcase>
      <testcase name="Test Cases/Tour/BookTour" classname="Test Cases/Tour/BookTour" status="ERROR">
         <error type="ERROR" message="Test Cases/Tour/BookTour FAILED because (of) java.lang.ArrayIndexOutOfBoundsException: 2"/>
         <system-out><![CDATA[2018-10-27 22:31:24 - [TEST_CASE][ERROR] - Test Cases/Tour/BookTour: Test Cases/Tour/BookTour FAILED because (of) java.lang.ArrayIndexOutOfBoundsException: 2

2018-10-27 22:31:24 - [TEST_STEP][PASSED] - phpTravels.Tour.NavigateToTourPage: phpTravels.Tour.NavigateToTourPage is PASSED

2018-10-27 22:31:28 - [MESSAGE][PASSED] - Object: 'Object Repository/tour/Page_Tours Management/a_Tours' is clicked on

2018-10-27 22:31:36 - [MESSAGE][PASSED] - Object: 'Object Repository/tour/Page_Tours Management/a_Add New' is clicked on

2018-10-27 22:31:36 - [MESSAGE][PASSED] - phpTravels.Tour.NavigateToTourPage is PASSED

2018-10-27 22:31:36 - [TEST_STEP][PASSED] - phpTravels.Tour.SetTourDetails: phpTravels.Tour.SetTourDetails is PASSED

2018-10-27 22:31:37 - [MESSAGE][PASSED] - All options with value 'Yes' are selected in object 'Object Repository/tour/Page_Add Tour/select_TourStatus'  using regular expression

2018-10-27 22:31:37 - [MESSAGE][PASSED] - Text 'Alappuzha Tour' is set on object 'Object Repository/tour/Page_Add Tour/input_tourname'

2018-10-27 22:31:37 - [MESSAGE][PASSED] - Object: 'Object Repository/tour/Page_Add Tour/iframeBody' is clicked on

2018-10-27 22:31:38 - [MESSAGE][PASSED] - Text 'Vacation Holiday Trip' is set on object 'Object Repository/tour/Page_Add Tour/iframeBody'

2018-10-27 22:31:38 - [MESSAGE][PASSED] - Text '2' is set on object 'Object Repository/tour/Page_Add Tour/input_maxadult'

2018-10-27 22:31:39 - [MESSAGE][PASSED] - Text '750' is set on object 'Object Repository/tour/Page_Add Tour/input_adultprice'

2018-10-27 22:31:39 - [MESSAGE][PASSED] - Object: 'Object Repository/tour/Page_Add Tour/span_Child_Enable' is clicked on

2018-10-27 22:31:39 - [MESSAGE][PASSED] - Text '1' is set on object 'Object Repository/tour/Page_Add Tour/input_maxchild'

2018-10-27 22:31:39 - [MESSAGE][PASSED] - Text '100' is set on object 'Object Repository/tour/Page_Add Tour/input_childprice'

2018-10-27 22:31:40 - [MESSAGE][PASSED] - All options with value '3' are selected in object 'Object Repository/tour/Page_Add Tour/select_Select'  using regular expression

2018-10-27 22:31:40 - [MESSAGE][PASSED] - Text '2' is set on object 'Object Repository/tour/Page_Add Tour/input_tourdays'

2018-10-27 22:31:40 - [MESSAGE][PASSED] - Text '1' is set on object 'Object Repository/tour/Page_Add Tour/input_tournights'

2018-10-27 22:31:41 - [MESSAGE][PASSED] - Object: 'Object Repository/tour/Page_Add Tour/select_TourType' is clicked on

2018-10-27 22:31:42 - [MESSAGE][PASSED] - Object: 'Object Repository/tour/Page_Add Tour/select_TourTypeOption' is clicked on

2018-10-27 22:31:42 - [MESSAGE][PASSED] - All options with value 'yes' are selected in object 'Object Repository/tour/Page_Add Tour/select_Featured'  using regular expression

2018-10-27 22:31:42 - [MESSAGE][PASSED] - phpTravels.Tour.SetTourDetails is PASSED

2018-10-27 22:31:42 - [TEST_STEP][ERROR] - phpTravels.Tour.SetTourInclusions: 2

2018-10-27 22:31:43 - [MESSAGE][PASSED] - Object: 'Object Repository/tour/Page_Add Tour/a_Inclusions' is clicked on

2018-10-27 22:31:43 - [MESSAGE][PASSED] - Wait for page load successfully

2018-10-27 22:31:43 - [MESSAGE][ERROR] - 2]]></system-out>
         <system-err><![CDATA[2018-10-27 22:31:24 - [TEST_CASE][ERROR] - Test Cases/Tour/BookTour: Test Cases/Tour/BookTour FAILED because (of) java.lang.ArrayIndexOutOfBoundsException: 2]]></system-err>
      </testcase>
      <testcase name="Test Cases/Common/LogOut" classname="Test Cases/Common/LogOut" status="PASSED">
         <system-out><![CDATA[2018-10-27 22:31:43 - [TEST_CASE][PASSED] - Test Cases/Common/LogOut: Test Cases/Common/LogOut

2018-10-27 22:31:43 - [TEST_STEP][PASSED] - click: Object: 'Object Repository/common/logout/button_Logout' is clicked on

2018-10-27 22:31:45 - [MESSAGE][PASSED] - Object: 'Object Repository/common/logout/button_Logout' is clicked on]]></system-out>
         <system-err><![CDATA[]]></system-err>
      </testcase>
      <system-out><![CDATA[2018-10-27 22:31:01 - [TEST_SUITE][ERROR] - CreateTourForNewAdmin: Test Cases/Tour/BookTour FAILED because (of) java.lang.ArrayIndexOutOfBoundsException: 2]]></system-out>
      <system-err><![CDATA[2018-10-27 22:31:01 - [TEST_SUITE][ERROR] - CreateTourForNewAdmin: Test Cases/Tour/BookTour FAILED because (of) java.lang.ArrayIndexOutOfBoundsException: 2]]></system-err>
   </testsuite>
</testsuites>
