<?xml version="1.0" encoding="UTF-8"?>
<testsuites name="AddNewAdmin" time="32" tests="2" failures="0" errors="1">
   <testsuite name="AddNewAdmin" tests="2" failures="0" errors="1" time="32" timestamp="2018-10-27 17:43:57" hostname="Renu - Renu-PC" id="Test Suites/AddNewAdmin">
      <properties>
         <property name="deviceName" value=""/>
         <property name="devicePlatform" value=""/>
         <property name="logFolder" value="D:\\Katalon_Works\\Katalon_Assignment_2\\Renu_Katalon_Assignment_2\\Reports\\AddNewAdmin\\20181027_174355"/>
         <property name="logFiles" value="D:\\Katalon_Works\\Katalon_Assignment_2\\Renu_Katalon_Assignment_2\\Reports\\AddNewAdmin\\20181027_174355\\execution0.log"/>
         <property name="attachments" value=""/>
         <property name="hostName" value="Renu - Renu-PC"/>
         <property name="os" value="Windows 7 64bit"/>
         <property name="katalonVersion" value="5.4.1.1"/>
         <property name="browser" value="Firefox 62.0"/>
         <property name="dbServerInfo" value="MySQL 5.6.20"/>
         <property name="hostAddress" value="192.168.1.75"/>
         <property name="sessionId" value="fb2f5165-576b-446c-9b1c-6c77c270fbd1"/>
         <property name="seleniumVersion" value="3.7.1"/>
         <property name="proxyInformation" value="ProxyInformation{proxyOption=NO_PROXY, proxyServerType=HTTP, password=, proxyServerAddress=, proxyServerPort=0}"/>
         <property name="platform" value="Windows 7"/>
      </properties>
      <testcase name="Test Cases/Common/NavigateToUrl" classname="Test Cases/Common/NavigateToUrl" status="PASSED">
         <system-out><![CDATA[2018-10-27 17:43:58 - [TEST_CASE][PASSED] - Test Cases/Common/NavigateToUrl: Test Cases/Common/NavigateToUrl

2018-10-27 17:43:59 - [TEST_STEP][PASSED] - openBrowser: Browser is opened with url: ''

2018-10-27 17:44:06 - [MESSAGE][PASSED] - Browser is opened with url: ''

2018-10-27 17:44:06 - [TEST_STEP][PASSED] - openBrowser: Browser is opened with url: ''

2018-10-27 17:44:06 - [MESSAGE][WARNING] - A browser is already opened. Closing browser and opening a new one

2018-10-27 17:44:13 - [MESSAGE][PASSED] - Browser is opened with url: ''

2018-10-27 17:44:13 - [TEST_STEP][PASSED] - navigateToUrl: Navigate to 'https://www.phptravels.net/admin' successfully

2018-10-27 17:44:15 - [MESSAGE][PASSED] - Navigate to 'https://www.phptravels.net/admin' successfully]]></system-out>
         <system-err><![CDATA[]]></system-err>
      </testcase>
      <testcase name="Test Cases/Common/LoginAsAdmin" classname="Test Cases/Common/LoginAsAdmin" status="PASSED">
         <system-out><![CDATA[2018-10-27 17:44:15 - [TEST_CASE][PASSED] - Test Cases/Common/LoginAsAdmin: Test Cases/Common/LoginAsAdmin

2018-10-27 17:44:16 - [TEST_STEP][PASSED] - phpTravels.Common.Login: phpTravels.Common.Login is PASSED

2018-10-27 17:44:16 - [MESSAGE][PASSED] - Text 'admin@phptravels.com' is set on object 'Object Repository/common/login/input_email'

2018-10-27 17:44:17 - [MESSAGE][PASSED] - Text 'demoadmin' is set on object 'Object Repository/common/login/input_password'

2018-10-27 17:44:17 - [MESSAGE][PASSED] - Object: 'Object Repository/common/login/button_Login' is clicked on

2018-10-27 17:44:17 - [MESSAGE][PASSED] - phpTravels.Common.Login is PASSED]]></system-out>
         <system-err><![CDATA[]]></system-err>
      </testcase>
      <testcase name="Test Cases/User/AddAdmin" classname="Test Cases/User/AddAdmin" status="ERROR">
         <error type="ERROR" message="Test Cases/User/AddAdmin FAILED because (of) org.codehaus.groovy.runtime.InvokerInvocationException: groovy.lang.MissingMethodException: No signature of method: phpTravels.User.getValue() is applicable for argument types: () values: []
Possible solutions: getClass(), values(), getAt(java.lang.String)"/>
         <system-out><![CDATA[2018-10-27 17:44:17 - [TEST_CASE][ERROR] - Test Cases/User/AddAdmin: Test Cases/User/AddAdmin FAILED because (of) org.codehaus.groovy.runtime.InvokerInvocationException: groovy.lang.MissingMethodException: No signature of method: phpTravels.User.getValue() is applicable for argument types: () values: []
Possible solutions: getClass(), values(), getAt(java.lang.String)

2018-10-27 17:44:18 - [TEST_STEP][PASSED] - phpTravels.Admin.NavigateToAdminPage: phpTravels.Admin.NavigateToAdminPage is PASSED

2018-10-27 17:44:23 - [MESSAGE][PASSED] - Object: 'Object Repository/user/admin/dashboard/a_Accounts' is clicked on

2018-10-27 17:44:25 - [MESSAGE][PASSED] - Object: 'Object Repository/user/admin/dashboard/a_Admins' is clicked on

2018-10-27 17:44:28 - [MESSAGE][PASSED] - Object: 'Object Repository/user/admin/action/button_Add' is clicked on

2018-10-27 17:44:28 - [MESSAGE][PASSED] - phpTravels.Admin.NavigateToAdminPage is PASSED

2018-10-27 17:44:28 - [TEST_STEP][ERROR] - phpTravels.Admin.SetAdminDetails: groovy.lang.MissingMethodException: No signature of method: phpTravels.User.getValue() is applicable for argument types: () values: []
Possible solutions: getClass(), values(), getAt(java.lang.String)

2018-10-27 17:44:29 - [MESSAGE][ERROR] - groovy.lang.MissingMethodException: No signature of method: phpTravels.User.getValue() is applicable for argument types: () values: []
Possible solutions: getClass(), values(), getAt(java.lang.String)]]></system-out>
         <system-err><![CDATA[2018-10-27 17:44:17 - [TEST_CASE][ERROR] - Test Cases/User/AddAdmin: Test Cases/User/AddAdmin FAILED because (of) org.codehaus.groovy.runtime.InvokerInvocationException: groovy.lang.MissingMethodException: No signature of method: phpTravels.User.getValue() is applicable for argument types: () values: []
Possible solutions: getClass(), values(), getAt(java.lang.String)]]></system-err>
      </testcase>
      <system-out><![CDATA[2018-10-27 17:43:57 - [TEST_SUITE][ERROR] - AddNewAdmin: Test Cases/User/AddAdmin FAILED because (of) org.codehaus.groovy.runtime.InvokerInvocationException: groovy.lang.MissingMethodException: No signature of method: phpTravels.User.getValue() is applicable for argument types: () values: []
Possible solutions: getClass(), values(), getAt(java.lang.String)]]></system-out>
      <system-err><![CDATA[2018-10-27 17:43:57 - [TEST_SUITE][ERROR] - AddNewAdmin: Test Cases/User/AddAdmin FAILED because (of) org.codehaus.groovy.runtime.InvokerInvocationException: groovy.lang.MissingMethodException: No signature of method: phpTravels.User.getValue() is applicable for argument types: () values: []
Possible solutions: getClass(), values(), getAt(java.lang.String)]]></system-err>
   </testsuite>
</testsuites>
