<?xml version="1.0" encoding="UTF-8"?>
<testsuites name="ManageOperationForNewAdmin" time="72" tests="7" failures="1" errors="0">
   <testsuite name="ManageOperationForNewAdmin" tests="7" failures="1" errors="0" time="72" timestamp="2018-10-29 17:42:29" hostname="Renu - Renu-PC" id="Test Suites/ManageOperationForNewAdmin">
      <properties>
         <property name="deviceName" value=""/>
         <property name="devicePlatform" value=""/>
         <property name="logFolder" value="D:\\Katalon_Works\\Katalon_Assignment_2\\Renu_Katalon_Assignment\\Reports\\ManageOperationForNewAdmin\\20181029_174226"/>
         <property name="logFiles" value="D:\\Katalon_Works\\Katalon_Assignment_2\\Renu_Katalon_Assignment\\Reports\\ManageOperationForNewAdmin\\20181029_174226\\execution0.log"/>
         <property name="attachments" value="D:\\Katalon_Works\\Katalon_Assignment_2\\Renu_Katalon_Assignment\\Reports\\ManageOperationForNewAdmin\\20181029_174226\\1540815198883.png"/>
         <property name="hostName" value="Renu - Renu-PC"/>
         <property name="os" value="Windows 7 64bit"/>
         <property name="katalonVersion" value="5.4.1.1"/>
         <property name="browser" value="Chrome 70.0.3538.77"/>
         <property name="dbServerInfo" value="MySQL 5.6.20"/>
         <property name="hostAddress" value="192.168.1.75"/>
         <property name="sessionId" value="7bc0a33f420157051c112a4ed2c56ecb"/>
         <property name="seleniumVersion" value="3.7.1"/>
         <property name="proxyInformation" value="ProxyInformation{proxyOption=NO_PROXY, proxyServerType=HTTP, password=, proxyServerAddress=, proxyServerPort=0}"/>
         <property name="platform" value="Windows 7"/>
      </properties>
      <testcase name="Test Cases/Common/NavigateToUrl" classname="Test Cases/Common/NavigateToUrl" status="PASSED">
         <system-out><![CDATA[2018-10-29 17:42:30 - [TEST_CASE][PASSED] - Test Cases/Common/NavigateToUrl: Test Cases/Common/NavigateToUrl

2018-10-29 17:42:30 - [TEST_STEP][PASSED] - openBrowser: Browser is opened with url: ''

2018-10-29 17:42:35 - [MESSAGE][PASSED] - Browser is opened with url: ''

2018-10-29 17:42:35 - [TEST_STEP][PASSED] - navigateToUrl: Navigate to 'https://www.phptravels.net/admin' successfully

2018-10-29 17:42:40 - [MESSAGE][PASSED] - Navigate to 'https://www.phptravels.net/admin' successfully

2018-10-29 17:42:40 - [TEST_STEP][PASSED] - maximizeWindow: Current window maximized

2018-10-29 17:42:41 - [MESSAGE][PASSED] - Current window maximized]]></system-out>
         <system-err><![CDATA[]]></system-err>
      </testcase>
      <testcase name="Test Cases/Common/Login" classname="Test Cases/Common/Login" status="PASSED">
         <system-out><![CDATA[2018-10-29 17:42:41 - [TEST_CASE][PASSED] - Test Cases/Common/Login: Test Cases/Common/Login

2018-10-29 17:42:41 - [TEST_STEP][PASSED] - phpTravels.Common.Login: phpTravels.Common.Login is PASSED

2018-10-29 17:42:42 - [MESSAGE][PASSED] - Text 'admin@phptravels.com' is set on object 'Object Repository/common/login/input_email'

2018-10-29 17:42:42 - [MESSAGE][PASSED] - Text 'demoadmin' is set on object 'Object Repository/common/login/input_password'

2018-10-29 17:42:42 - [MESSAGE][PASSED] - Object: 'Object Repository/common/login/button_Login' is clicked on

2018-10-29 17:42:42 - [MESSAGE][PASSED] - phpTravels.Common.Login is PASSED]]></system-out>
         <system-err><![CDATA[]]></system-err>
      </testcase>
      <testcase name="Test Cases/User/AddAdmin" classname="Test Cases/User/AddAdmin" status="PASSED">
         <system-out><![CDATA[2018-10-29 17:42:42 - [TEST_CASE][PASSED] - Test Cases/User/AddAdmin: Test Cases/User/AddAdmin

2018-10-29 17:42:43 - [TEST_STEP][PASSED] - phpTravels.Admin.NavigateToAdminPage: phpTravels.Admin.NavigateToAdminPage is PASSED

2018-10-29 17:42:48 - [MESSAGE][PASSED] - Object: 'Object Repository/user/admin/dashboard/a_account' is clicked on

2018-10-29 17:42:50 - [MESSAGE][PASSED] - Object: 'Object Repository/user/admin/dashboard/a_admin' is clicked on

2018-10-29 17:42:52 - [MESSAGE][PASSED] - Object: 'Object Repository/user/admin/action/button_add' is clicked on

2018-10-29 17:42:52 - [MESSAGE][PASSED] - phpTravels.Admin.NavigateToAdminPage is PASSED

2018-10-29 17:42:52 - [TEST_STEP][PASSED] - phpTravels.Admin.SetAdminDetails: phpTravels.Admin.SetAdminDetails is PASSED

2018-10-29 17:42:53 - [MESSAGE][PASSED] - Text 'Renu' is set on object 'Object Repository/user/admin/fields/input_first_name'

2018-10-29 17:42:54 - [MESSAGE][PASSED] - Text 'Rahul' is set on object 'Object Repository/user/admin/fields/input_last_name'

2018-10-29 17:42:54 - [MESSAGE][PASSED] - Text 'tr@test.com' is set on object 'Object Repository/user/admin/fields/input_email_address'

2018-10-29 17:42:54 - [MESSAGE][PASSED] - Text 'inapp2.0' is set on object 'Object Repository/user/admin/fields/input_password'

2018-10-29 17:42:55 - [MESSAGE][PASSED] - Text '8891767706' is set on object 'Object Repository/user/admin/fields/input_mobile_number'

2018-10-29 17:42:55 - [MESSAGE][PASSED] - Object: 'Object Repository/user/admin/fields/autocomplete_country_control' is clicked on

2018-10-29 17:42:55 - [MESSAGE][PASSED] - Object: 'Object Repository/user/admin/fields/autocomplete_country_search' is clicked on

2018-10-29 17:42:56 - [MESSAGE][PASSED] - Text 'India' is set on object 'Object Repository/user/admin/fields/autocomplete_country_search'

2018-10-29 17:42:56 - [MESSAGE][PASSED] - Object: 'Object Repository/user/admin/fields/autocomplete_country_select' is clicked on

2018-10-29 17:42:56 - [MESSAGE][PASSED] - Text 'Thannikattethu' is set on object 'Object Repository/user/admin/fields/input_address_line1'

2018-10-29 17:42:57 - [MESSAGE][PASSED] - Text 'Kadapra-Mannar' is set on object 'Object Repository/user/admin/fields/input_address_line2'

2018-10-29 17:42:57 - [MESSAGE][PASSED] - All options with index in [0] are selected on object 'Object Repository/user/admin/fields/select_status'

2018-10-29 17:42:57 - [MESSAGE][PASSED] - phpTravels.Admin.SetAdminDetails is PASSED

2018-10-29 17:42:57 - [TEST_STEP][PASSED] - phpTravels.Admin.ManageAccessDetails: phpTravels.Admin.ManageAccessDetails is PASSED

2018-10-29 17:42:57 - [MESSAGE][PASSED] - Object 'Object Repository/user/admin/fields/checkbox_all_add' is checked

2018-10-29 17:42:58 - [MESSAGE][PASSED] - Object 'Object Repository/user/admin/fields/checkbox_all_edit' is checked

2018-10-29 17:42:58 - [MESSAGE][PASSED] - Object 'Object Repository/user/admin/fields/checkbox_all_delete' is checked

2018-10-29 17:42:58 - [MESSAGE][PASSED] - Object 'Object Repository/user/admin/fields/checkbox_all_add' is checked

2018-10-29 17:42:58 - [MESSAGE][PASSED] - Object 'Object Repository/user/admin/fields/checkbox_all_edit' is checked

2018-10-29 17:42:58 - [MESSAGE][PASSED] - Object 'Object Repository/user/admin/fields/checkbox_all_delete' is checked

2018-10-29 17:42:58 - [MESSAGE][PASSED] - Object 'Object Repository/user/admin/fields/checkbox_all_add' is checked

2018-10-29 17:42:59 - [MESSAGE][PASSED] - Object 'Object Repository/user/admin/fields/checkbox_all_edit' is checked

2018-10-29 17:42:59 - [MESSAGE][PASSED] - Object 'Object Repository/user/admin/fields/checkbox_all_delete' is checked

2018-10-29 17:42:59 - [MESSAGE][PASSED] - Object 'Object Repository/user/admin/fields/checkbox_all_add' is checked

2018-10-29 17:42:59 - [MESSAGE][PASSED] - Object 'Object Repository/user/admin/fields/checkbox_all_edit' is checked

2018-10-29 17:42:59 - [MESSAGE][PASSED] - Object 'Object Repository/user/admin/fields/checkbox_all_delete' is checked

2018-10-29 17:43:00 - [MESSAGE][PASSED] - Object 'Object Repository/user/admin/fields/checkbox_all_add' is checked

2018-10-29 17:43:00 - [MESSAGE][PASSED] - Object 'Object Repository/user/admin/fields/checkbox_all_edit' is checked

2018-10-29 17:43:00 - [MESSAGE][PASSED] - Object 'Object Repository/user/admin/fields/checkbox_all_delete' is checked

2018-10-29 17:43:00 - [MESSAGE][PASSED] - phpTravels.Admin.ManageAccessDetails is PASSED

2018-10-29 17:43:00 - [TEST_STEP][PASSED] - phpTravels.Admin.SaveDetails: phpTravels.Admin.SaveDetails is PASSED

2018-10-29 17:43:03 - [MESSAGE][PASSED] - Object: 'Object Repository/user/admin/action/button_submit' is clicked on

2018-10-29 17:43:03 - [MESSAGE][PASSED] - Wait for page load successfully

2018-10-29 17:43:03 - [MESSAGE][PASSED] - Object 'Object Repository/user/admin/fields/created_admin' is present

2018-10-29 17:43:03 - [MESSAGE][PASSED] - phpTravels.Admin.SaveDetails is PASSED]]></system-out>
         <system-err><![CDATA[]]></system-err>
      </testcase>
      <testcase name="Test Cases/Common/LogOut" classname="Test Cases/Common/LogOut" status="PASSED">
         <system-out><![CDATA[2018-10-29 17:43:03 - [TEST_CASE][PASSED] - Test Cases/Common/LogOut: Test Cases/Common/LogOut

2018-10-29 17:43:03 - [TEST_STEP][PASSED] - click: Object: 'Object Repository/common/logout/button_Logout' is clicked on

2018-10-29 17:43:05 - [MESSAGE][PASSED] - Object: 'Object Repository/common/logout/button_Logout' is clicked on]]></system-out>
         <system-err><![CDATA[]]></system-err>
      </testcase>
      <testcase name="Test Cases/Common/LoginFromDatabase" classname="Test Cases/Common/LoginFromDatabase" status="PASSED">
         <system-out><![CDATA[2018-10-29 17:43:05 - [TEST_CASE][PASSED] - Test Cases/Common/LoginFromDatabase: Test Cases/Common/LoginFromDatabase

2018-10-29 17:43:05 - [TEST_STEP][PASSED] - Statement - dbdata = com.kms.katalon.core.testdata.TestDataFactory.findTestData(userDetail): Reading database data with query 'SELECT * FROM katalon_renu_16_10_2018.user'

2018-10-29 17:43:05 - [TEST_STEP][PASSED] - Statement - userName = dbdata.getValue(Email.ordinal(), userIndex): null

2018-10-29 17:43:05 - [TEST_STEP][PASSED] - Statement - password = dbdata.getValue(Password.ordinal(), userIndex): null

2018-10-29 17:43:05 - [TEST_STEP][PASSED] - phpTravels.Common.Login: phpTravels.Common.Login is PASSED

2018-10-29 17:43:05 - [MESSAGE][PASSED] - Text 'tr@test.com' is set on object 'Object Repository/common/login/input_email'

2018-10-29 17:43:06 - [MESSAGE][PASSED] - Text 'inapp2.0' is set on object 'Object Repository/common/login/input_password'

2018-10-29 17:43:06 - [MESSAGE][PASSED] - Object: 'Object Repository/common/login/button_Login' is clicked on

2018-10-29 17:43:06 - [MESSAGE][PASSED] - phpTravels.Common.Login is PASSED]]></system-out>
         <system-err><![CDATA[]]></system-err>
      </testcase>
      <testcase name="Test Cases/Tour/BookTour" classname="Test Cases/Tour/BookTour" status="FAILED">
         <failure type="FAILED" message="Unable to click on object 'Object Repository/tour/fields/span_enable_infants' (Root cause: org.openqa.selenium.WebDriverException: unknown error: Element &lt;span id=&quot;infantbtn&quot;>...&lt;/span> is not clickable at point (1196, 604). Other element would receive the click: &lt;iframe id=&quot;h9npg4K-1540815193337&quot; src=&quot;about:blank&quot; frameborder=&quot;0&quot; scrolling=&quot;no&quot; title=&quot;chat widget&quot; class=&quot;&quot; style=&quot;outline: none !important; visibility: visible !important; resize: none !important; box-shadow: none !important; overflow: visible !important; background: none transparent !important; opacity: 1 !important; position: fixed !important; border: 0px !important; padding: 0px !important; transition-property: none !important; z-index: 1000001 !important; cursor: auto !important; float: none !important; height: 40px !important; min-height: 40px !important; max-height: 40px !important; width: 320px !important; min-width: 320px !important; max-width: 320px !important; border-radius: 0px !important; transform: rotate(0deg) translateZ(0px) !important; transform-origin: 0px center 0px !important; margin: 0px !important; top: auto !important; bottom: 0px !important; right: 10px !important; left: auto !important; display: block !important;&quot;>&lt;/iframe>
  (Session info: chrome=70.0.3538.77)
  (Driver info: chromedriver=2.35.528161 (5b82f2d2aae0ca24b877009200ced9065a772e73),platform=Windows NT 6.1.7601 SP1 x86_64) (WARNING: The server did not provide any stacktrace information)
Command duration or timeout: 0 milliseconds
Build info: version: '3.7.1', revision: '8a0099a', time: '2017-11-06T21:07:36.161Z'
System info: host: 'RENU-PC', ip: '192.168.1.75', os.name: 'Windows 7', os.arch: 'amd64', os.version: '6.1', java.version: '1.8.0_102'
Driver info: com.kms.katalon.selenium.driver.CChromeDriver
Capabilities {acceptInsecureCerts: false, acceptSslCerts: false, applicationCacheEnabled: false, browserConnectionEnabled: false, browserName: chrome, chrome: {chromedriverVersion: 2.35.528161 (5b82f2d2aae0ca..., userDataDir: C:\Users\Renu\AppData\Local...}, cssSelectorsEnabled: true, databaseEnabled: false, handlesAlerts: true, hasTouchScreen: false, javascriptEnabled: true, locationContextEnabled: true, mobileEmulationEnabled: false, nativeEvents: true, networkConnectionEnabled: false, pageLoadStrategy: normal, platform: XP, platformName: XP, rotatable: false, setWindowRect: true, takesHeapSnapshot: true, takesScreenshot: true, unexpectedAlertBehaviour: , unhandledPromptBehavior: , version: 70.0.3538.77, webStorageEnabled: true}
Session ID: 7bc0a33f420157051c112a4ed2c56ecb)"/>
         <system-out><![CDATA[2018-10-29 17:43:06 - [TEST_CASE][FAILED] - Test Cases/Tour/BookTour: Test Cases/Tour/BookTour FAILED because (of) Unable to click on object 'Object Repository/tour/fields/span_enable_infants' (Root cause: org.openqa.selenium.WebDriverException: unknown error: Element <span id="infantbtn">...</span> is not clickable at point (1196, 604). Other element would receive the click: <iframe id="h9npg4K-1540815193337" src="about:blank" frameborder="0" scrolling="no" title="chat widget" class="" style="outline: none !important; visibility: visible !important; resize: none !important; box-shadow: none !important; overflow: visible !important; background: none transparent !important; opacity: 1 !important; position: fixed !important; border: 0px !important; padding: 0px !important; transition-property: none !important; z-index: 1000001 !important; cursor: auto !important; float: none !important; height: 40px !important; min-height: 40px !important; max-height: 40px !important; width: 320px !important; min-width: 320px !important; max-width: 320px !important; border-radius: 0px !important; transform: rotate(0deg) translateZ(0px) !important; transform-origin: 0px center 0px !important; margin: 0px !important; top: auto !important; bottom: 0px !important; right: 10px !important; left: auto !important; display: block !important;"></iframe>
  (Session info: chrome=70.0.3538.77)
  (Driver info: chromedriver=2.35.528161 (5b82f2d2aae0ca24b877009200ced9065a772e73),platform=Windows NT 6.1.7601 SP1 x86_64) (WARNING: The server did not provide any stacktrace information)
Command duration or timeout: 0 milliseconds
Build info: version: '3.7.1', revision: '8a0099a', time: '2017-11-06T21:07:36.161Z'
System info: host: 'RENU-PC', ip: '192.168.1.75', os.name: 'Windows 7', os.arch: 'amd64', os.version: '6.1', java.version: '1.8.0_102'
Driver info: com.kms.katalon.selenium.driver.CChromeDriver
Capabilities {acceptInsecureCerts: false, acceptSslCerts: false, applicationCacheEnabled: false, browserConnectionEnabled: false, browserName: chrome, chrome: {chromedriverVersion: 2.35.528161 (5b82f2d2aae0ca..., userDataDir: C:\Users\Renu\AppData\Local...}, cssSelectorsEnabled: true, databaseEnabled: false, handlesAlerts: true, hasTouchScreen: false, javascriptEnabled: true, locationContextEnabled: true, mobileEmulationEnabled: false, nativeEvents: true, networkConnectionEnabled: false, pageLoadStrategy: normal, platform: XP, platformName: XP, rotatable: false, setWindowRect: true, takesHeapSnapshot: true, takesScreenshot: true, unexpectedAlertBehaviour: , unhandledPromptBehavior: , version: 70.0.3538.77, webStorageEnabled: true}
Session ID: 7bc0a33f420157051c112a4ed2c56ecb)

2018-10-29 17:43:06 - [TEST_STEP][PASSED] - phpTravels.Tour.NavigateToTourPage: phpTravels.Tour.NavigateToTourPage is PASSED

2018-10-29 17:43:09 - [MESSAGE][PASSED] - Object: 'Object Repository/tour/navigation/a_tour' is clicked on

2018-10-29 17:43:14 - [MESSAGE][PASSED] - Object: 'Object Repository/tour/navigation/a_Add' is clicked on

2018-10-29 17:43:14 - [MESSAGE][PASSED] - phpTravels.Tour.NavigateToTourPage is PASSED

2018-10-29 17:43:14 - [TEST_STEP][FAILED] - phpTravels.Tour.SetTourDetails: Unable to click on object 'Object Repository/tour/fields/span_enable_infants' (Root cause: org.openqa.selenium.WebDriverException: unknown error: Element <span id="infantbtn">...</span> is not clickable at point (1196, 604). Other element would receive the click: <iframe id="h9npg4K-1540815193337" src="about:blank" frameborder="0" scrolling="no" title="chat widget" class="" style="outline: none !important; visibility: visible !important; resize: none !important; box-shadow: none !important; overflow: visible !important; background: none transparent !important; opacity: 1 !important; position: fixed !important; border: 0px !important; padding: 0px !important; transition-property: none !important; z-index: 1000001 !important; cursor: auto !important; float: none !important; height: 40px !important; min-height: 40px !important; max-height: 40px !important; width: 320px !important; min-width: 320px !important; max-width: 320px !important; border-radius: 0px !important; transform: rotate(0deg) translateZ(0px) !important; transform-origin: 0px center 0px !important; margin: 0px !important; top: auto !important; bottom: 0px !important; right: 10px !important; left: auto !important; display: block !important;"></iframe>
  (Session info: chrome=70.0.3538.77)
  (Driver info: chromedriver=2.35.528161 (5b82f2d2aae0ca24b877009200ced9065a772e73),platform=Windows NT 6.1.7601 SP1 x86_64) (WARNING: The server did not provide any stacktrace information)
Command duration or timeout: 0 milliseconds
Build info: version: '3.7.1', revision: '8a0099a', time: '2017-11-06T21:07:36.161Z'
System info: host: 'RENU-PC', ip: '192.168.1.75', os.name: 'Windows 7', os.arch: 'amd64', os.version: '6.1', java.version: '1.8.0_102'
Driver info: com.kms.katalon.selenium.driver.CChromeDriver
Capabilities {acceptInsecureCerts: false, acceptSslCerts: false, applicationCacheEnabled: false, browserConnectionEnabled: false, browserName: chrome, chrome: {chromedriverVersion: 2.35.528161 (5b82f2d2aae0ca..., userDataDir: C:\Users\Renu\AppData\Local...}, cssSelectorsEnabled: true, databaseEnabled: false, handlesAlerts: true, hasTouchScreen: false, javascriptEnabled: true, locationContextEnabled: true, mobileEmulationEnabled: false, nativeEvents: true, networkConnectionEnabled: false, pageLoadStrategy: normal, platform: XP, platformName: XP, rotatable: false, setWindowRect: true, takesHeapSnapshot: true, takesScreenshot: true, unexpectedAlertBehaviour: , unhandledPromptBehavior: , version: 70.0.3538.77, webStorageEnabled: true}
Session ID: 7bc0a33f420157051c112a4ed2c56ecb)

2018-10-29 17:43:15 - [MESSAGE][PASSED] - All options with value 'Yes' are selected in object 'Object Repository/tour/fields/select_status'  using regular expression

2018-10-29 17:43:16 - [MESSAGE][PASSED] - Text 'Alappuzha Tour' is set on object 'Object Repository/tour/fields/input_name'

2018-10-29 17:43:17 - [MESSAGE][PASSED] - Object: 'Object Repository/tour/fields/iframe_body' is clicked on

2018-10-29 17:43:17 - [MESSAGE][PASSED] - Text 'Vacation Holiday Trip' is set on object 'Object Repository/tour/fields/iframe_body'

2018-10-29 17:43:17 - [MESSAGE][PASSED] - Text '2' is set on object 'Object Repository/tour/fields/input_adult_count'

2018-10-29 17:43:17 - [MESSAGE][PASSED] - Text '750' is set on object 'Object Repository/tour/fields/input_adult_price'

2018-10-29 17:43:18 - [MESSAGE][PASSED] - Object: 'Object Repository/tour/fields/span_enable_child' is clicked on

2018-10-29 17:43:18 - [MESSAGE][PASSED] - Text '1' is set on object 'Object Repository/tour/fields/input_child_count'

2018-10-29 17:43:18 - [MESSAGE][PASSED] - Text '100' is set on object 'Object Repository/tour/fields/input_child_price'

2018-10-29 17:43:19 - [MESSAGE][FAILED] - Unable to click on object 'Object Repository/tour/fields/span_enable_infants' (Root cause: org.openqa.selenium.WebDriverException: unknown error: Element <span id="infantbtn">...</span> is not clickable at point (1196, 604). Other element would receive the click: <iframe id="h9npg4K-1540815193337" src="about:blank" frameborder="0" scrolling="no" title="chat widget" class="" style="outline: none !important; visibility: visible !important; resize: none !important; box-shadow: none !important; overflow: visible !important; background: none transparent !important; opacity: 1 !important; position: fixed !important; border: 0px !important; padding: 0px !important; transition-property: none !important; z-index: 1000001 !important; cursor: auto !important; float: none !important; height: 40px !important; min-height: 40px !important; max-height: 40px !important; width: 320px !important; min-width: 320px !important; max-width: 320px !important; border-radius: 0px !important; transform: rotate(0deg) translateZ(0px) !important; transform-origin: 0px center 0px !important; margin: 0px !important; top: auto !important; bottom: 0px !important; right: 10px !important; left: auto !important; display: block !important;"></iframe>
  (Session info: chrome=70.0.3538.77)
  (Driver info: chromedriver=2.35.528161 (5b82f2d2aae0ca24b877009200ced9065a772e73),platform=Windows NT 6.1.7601 SP1 x86_64) (WARNING: The server did not provide any stacktrace information)
Command duration or timeout: 0 milliseconds
Build info: version: '3.7.1', revision: '8a0099a', time: '2017-11-06T21:07:36.161Z'
System info: host: 'RENU-PC', ip: '192.168.1.75', os.name: 'Windows 7', os.arch: 'amd64', os.version: '6.1', java.version: '1.8.0_102'
Driver info: com.kms.katalon.selenium.driver.CChromeDriver
Capabilities {acceptInsecureCerts: false, acceptSslCerts: false, applicationCacheEnabled: false, browserConnectionEnabled: false, browserName: chrome, chrome: {chromedriverVersion: 2.35.528161 (5b82f2d2aae0ca..., userDataDir: C:\Users\Renu\AppData\Local...}, cssSelectorsEnabled: true, databaseEnabled: false, handlesAlerts: true, hasTouchScreen: false, javascriptEnabled: true, locationContextEnabled: true, mobileEmulationEnabled: false, nativeEvents: true, networkConnectionEnabled: false, pageLoadStrategy: normal, platform: XP, platformName: XP, rotatable: false, setWindowRect: true, takesHeapSnapshot: true, takesScreenshot: true, unexpectedAlertBehaviour: , unhandledPromptBehavior: , version: 70.0.3538.77, webStorageEnabled: true}
Session ID: 7bc0a33f420157051c112a4ed2c56ecb)
[[ATTACHMENT|D:\\Katalon_Works\\Katalon_Assignment_2\\Renu_Katalon_Assignment\\Reports\\ManageOperationForNewAdmin\\20181029_174226\\1540815198883.png]]

2018-10-29 17:43:19 - [MESSAGE][FAILED] - Unable to click on object 'Object Repository/tour/fields/span_enable_infants' (Root cause: org.openqa.selenium.WebDriverException: unknown error: Element <span id="infantbtn">...</span> is not clickable at point (1196, 604). Other element would receive the click: <iframe id="h9npg4K-1540815193337" src="about:blank" frameborder="0" scrolling="no" title="chat widget" class="" style="outline: none !important; visibility: visible !important; resize: none !important; box-shadow: none !important; overflow: visible !important; background: none transparent !important; opacity: 1 !important; position: fixed !important; border: 0px !important; padding: 0px !important; transition-property: none !important; z-index: 1000001 !important; cursor: auto !important; float: none !important; height: 40px !important; min-height: 40px !important; max-height: 40px !important; width: 320px !important; min-width: 320px !important; max-width: 320px !important; border-radius: 0px !important; transform: rotate(0deg) translateZ(0px) !important; transform-origin: 0px center 0px !important; margin: 0px !important; top: auto !important; bottom: 0px !important; right: 10px !important; left: auto !important; display: block !important;"></iframe>
  (Session info: chrome=70.0.3538.77)
  (Driver info: chromedriver=2.35.528161 (5b82f2d2aae0ca24b877009200ced9065a772e73),platform=Windows NT 6.1.7601 SP1 x86_64) (WARNING: The server did not provide any stacktrace information)
Command duration or timeout: 0 milliseconds
Build info: version: '3.7.1', revision: '8a0099a', time: '2017-11-06T21:07:36.161Z'
System info: host: 'RENU-PC', ip: '192.168.1.75', os.name: 'Windows 7', os.arch: 'amd64', os.version: '6.1', java.version: '1.8.0_102'
Driver info: com.kms.katalon.selenium.driver.CChromeDriver
Capabilities {acceptInsecureCerts: false, acceptSslCerts: false, applicationCacheEnabled: false, browserConnectionEnabled: false, browserName: chrome, chrome: {chromedriverVersion: 2.35.528161 (5b82f2d2aae0ca..., userDataDir: C:\Users\Renu\AppData\Local...}, cssSelectorsEnabled: true, databaseEnabled: false, handlesAlerts: true, hasTouchScreen: false, javascriptEnabled: true, locationContextEnabled: true, mobileEmulationEnabled: false, nativeEvents: true, networkConnectionEnabled: false, pageLoadStrategy: normal, platform: XP, platformName: XP, rotatable: false, setWindowRect: true, takesHeapSnapshot: true, takesScreenshot: true, unexpectedAlertBehaviour: , unhandledPromptBehavior: , version: 70.0.3538.77, webStorageEnabled: true}
Session ID: 7bc0a33f420157051c112a4ed2c56ecb)]]></system-out>
         <system-err><![CDATA[2018-10-29 17:43:06 - [TEST_CASE][FAILED] - Test Cases/Tour/BookTour: Test Cases/Tour/BookTour FAILED because (of) Unable to click on object 'Object Repository/tour/fields/span_enable_infants' (Root cause: org.openqa.selenium.WebDriverException: unknown error: Element <span id="infantbtn">...</span> is not clickable at point (1196, 604). Other element would receive the click: <iframe id="h9npg4K-1540815193337" src="about:blank" frameborder="0" scrolling="no" title="chat widget" class="" style="outline: none !important; visibility: visible !important; resize: none !important; box-shadow: none !important; overflow: visible !important; background: none transparent !important; opacity: 1 !important; position: fixed !important; border: 0px !important; padding: 0px !important; transition-property: none !important; z-index: 1000001 !important; cursor: auto !important; float: none !important; height: 40px !important; min-height: 40px !important; max-height: 40px !important; width: 320px !important; min-width: 320px !important; max-width: 320px !important; border-radius: 0px !important; transform: rotate(0deg) translateZ(0px) !important; transform-origin: 0px center 0px !important; margin: 0px !important; top: auto !important; bottom: 0px !important; right: 10px !important; left: auto !important; display: block !important;"></iframe>
  (Session info: chrome=70.0.3538.77)
  (Driver info: chromedriver=2.35.528161 (5b82f2d2aae0ca24b877009200ced9065a772e73),platform=Windows NT 6.1.7601 SP1 x86_64) (WARNING: The server did not provide any stacktrace information)
Command duration or timeout: 0 milliseconds
Build info: version: '3.7.1', revision: '8a0099a', time: '2017-11-06T21:07:36.161Z'
System info: host: 'RENU-PC', ip: '192.168.1.75', os.name: 'Windows 7', os.arch: 'amd64', os.version: '6.1', java.version: '1.8.0_102'
Driver info: com.kms.katalon.selenium.driver.CChromeDriver
Capabilities {acceptInsecureCerts: false, acceptSslCerts: false, applicationCacheEnabled: false, browserConnectionEnabled: false, browserName: chrome, chrome: {chromedriverVersion: 2.35.528161 (5b82f2d2aae0ca..., userDataDir: C:\Users\Renu\AppData\Local...}, cssSelectorsEnabled: true, databaseEnabled: false, handlesAlerts: true, hasTouchScreen: false, javascriptEnabled: true, locationContextEnabled: true, mobileEmulationEnabled: false, nativeEvents: true, networkConnectionEnabled: false, pageLoadStrategy: normal, platform: XP, platformName: XP, rotatable: false, setWindowRect: true, takesHeapSnapshot: true, takesScreenshot: true, unexpectedAlertBehaviour: , unhandledPromptBehavior: , version: 70.0.3538.77, webStorageEnabled: true}
Session ID: 7bc0a33f420157051c112a4ed2c56ecb)]]></system-err>
      </testcase>
      <testcase name="Test Cases/User/AddSupplier" classname="Test Cases/User/AddSupplier" status="PASSED">
         <system-out><![CDATA[2018-10-29 17:43:19 - [TEST_CASE][PASSED] - Test Cases/User/AddSupplier: Test Cases/User/AddSupplier

2018-10-29 17:43:20 - [TEST_STEP][PASSED] - click: Object: 'Object Repository/user/supplier/navigation/a_account' is clicked on

2018-10-29 17:43:21 - [MESSAGE][PASSED] - Object: 'Object Repository/user/supplier/navigation/a_account' is clicked on

2018-10-29 17:43:21 - [TEST_STEP][PASSED] - click: Object: 'Object Repository/user/supplier/navigation/a_supplier' is clicked on

2018-10-29 17:43:24 - [MESSAGE][PASSED] - Object: 'Object Repository/user/supplier/navigation/a_supplier' is clicked on

2018-10-29 17:43:24 - [TEST_STEP][PASSED] - click: Object: 'Object Repository/user/supplier/actions/button_add' is clicked on

2018-10-29 17:43:26 - [MESSAGE][PASSED] - Object: 'Object Repository/user/supplier/actions/button_add' is clicked on

2018-10-29 17:43:26 - [TEST_STEP][PASSED] - waitForPageLoad: Wait for page load successfully

2018-10-29 17:43:26 - [MESSAGE][PASSED] - Wait for page load successfully

2018-10-29 17:43:26 - [TEST_STEP][PASSED] - setText: Text 'Renu' is set on object 'Object Repository/user/supplier/fields/input_first_name'

2018-10-29 17:43:27 - [MESSAGE][PASSED] - Text 'Renu' is set on object 'Object Repository/user/supplier/fields/input_first_name'

2018-10-29 17:43:27 - [TEST_STEP][PASSED] - setText: Text 'Rahul' is set on object 'Object Repository/user/supplier/fields/input_last_name'

2018-10-29 17:43:27 - [MESSAGE][PASSED] - Text 'Rahul' is set on object 'Object Repository/user/supplier/fields/input_last_name'

2018-10-29 17:43:27 - [TEST_STEP][PASSED] - setText: Text 'tr2@test.com' is set on object 'Object Repository/user/supplier/fields/input_email'

2018-10-29 17:43:28 - [MESSAGE][PASSED] - Text 'tr2@test.com' is set on object 'Object Repository/user/supplier/fields/input_email'

2018-10-29 17:43:28 - [TEST_STEP][PASSED] - setText: Text 'Inapp2.0' is set on object 'Object Repository/user/supplier/fields/input_password'

2018-10-29 17:43:28 - [MESSAGE][PASSED] - Text 'Inapp2.0' is set on object 'Object Repository/user/supplier/fields/input_password'

2018-10-29 17:43:28 - [TEST_STEP][PASSED] - setText: Text '8891767706' is set on object 'Object Repository/user/supplier/fields/input_mobile'

2018-10-29 17:43:29 - [MESSAGE][PASSED] - Text '8891767706' is set on object 'Object Repository/user/supplier/fields/input_mobile'

2018-10-29 17:43:29 - [TEST_STEP][PASSED] - click: Object: 'Object Repository/user/supplier/fields/div_country_initiate' is clicked on

2018-10-29 17:43:29 - [MESSAGE][PASSED] - Object: 'Object Repository/user/supplier/fields/div_country_initiate' is clicked on

2018-10-29 17:43:29 - [TEST_STEP][PASSED] - setText: Text 'India' is set on object 'Object Repository/user/supplier/fields/input_select_country'

2018-10-29 17:43:29 - [MESSAGE][PASSED] - Text 'India' is set on object 'Object Repository/user/supplier/fields/input_select_country'

2018-10-29 17:43:29 - [TEST_STEP][PASSED] - click: Object: 'Object Repository/user/supplier/fields/div_county_select' is clicked on

2018-10-29 17:43:30 - [MESSAGE][PASSED] - Object: 'Object Repository/user/supplier/fields/div_county_select' is clicked on

2018-10-29 17:43:30 - [TEST_STEP][PASSED] - setText: Text 'Thannikattethu' is set on object 'Object Repository/user/supplier/fields/input_address_line1'

2018-10-29 17:43:30 - [MESSAGE][PASSED] - Text 'Thannikattethu' is set on object 'Object Repository/user/supplier/fields/input_address_line1'

2018-10-29 17:43:30 - [TEST_STEP][PASSED] - setText: Text 'Kadapra Mannar' is set on object 'Object Repository/user/supplier/fields/input_address_line2'

2018-10-29 17:43:30 - [MESSAGE][PASSED] - Text 'Kadapra Mannar' is set on object 'Object Repository/user/supplier/fields/input_address_line2'

2018-10-29 17:43:30 - [TEST_STEP][PASSED] - selectOptionByValue: All options with value 'Tours' are selected in object 'Object Repository/user/supplier/fields/select_apply_for'  using regular expression

2018-10-29 17:43:31 - [MESSAGE][PASSED] - All options with value 'Tours' are selected in object 'Object Repository/user/supplier/fields/select_apply_for'  using regular expression

2018-10-29 17:43:31 - [TEST_STEP][PASSED] - setText: Text 'User' is set on object 'Object Repository/user/supplier/fields/input_item_name'

2018-10-29 17:43:31 - [MESSAGE][PASSED] - Text 'User' is set on object 'Object Repository/user/supplier/fields/input_item_name'

2018-10-29 17:43:31 - [TEST_STEP][PASSED] - click: Object: 'Object Repository/user/supplier/fields/ul_select_hotel' is clicked on

2018-10-29 17:43:32 - [MESSAGE][PASSED] - Object: 'Object Repository/user/supplier/fields/ul_select_hotel' is clicked on

2018-10-29 17:43:32 - [TEST_STEP][PASSED] - click: Object: 'Object Repository/user/supplier/fields/input_select_hotel' is clicked on

2018-10-29 17:43:32 - [MESSAGE][PASSED] - Object: 'Object Repository/user/supplier/fields/input_select_hotel' is clicked on

2018-10-29 17:43:32 - [TEST_STEP][PASSED] - click: Object: 'Object Repository/user/supplier/fields/ul_select_tour' is clicked on

2018-10-29 17:43:32 - [MESSAGE][PASSED] - Object: 'Object Repository/user/supplier/fields/ul_select_tour' is clicked on

2018-10-29 17:43:32 - [TEST_STEP][PASSED] - click: Object: 'Object Repository/user/supplier/fields/input_select_tour' is clicked on

2018-10-29 17:43:32 - [MESSAGE][PASSED] - Object: 'Object Repository/user/supplier/fields/input_select_tour' is clicked on

2018-10-29 17:43:32 - [TEST_STEP][PASSED] - click: Object: 'Object Repository/user/supplier/fields/ul_select_car' is clicked on

2018-10-29 17:43:32 - [MESSAGE][PASSED] - Object: 'Object Repository/user/supplier/fields/ul_select_car' is clicked on

2018-10-29 17:43:32 - [TEST_STEP][PASSED] - click: Object: 'Object Repository/user/supplier/fields/input_select_car' is clicked on

2018-10-29 17:43:33 - [MESSAGE][PASSED] - Object: 'Object Repository/user/supplier/fields/input_select_car' is clicked on

2018-10-29 17:43:33 - [TEST_STEP][PASSED] - Statement - For ([i = 1, i <= 5, (i++)]): Object 'Object Repository/user/supplier/fields/checkbox_all_delete' is checked

2018-10-29 17:43:33 - [TEST_STEP][PASSED] - Statement - If (CanAdd == "1"): Object 'Object Repository/user/supplier/fields/checkbox_all_add' is checked

2018-10-29 17:43:33 - [TEST_STEP][PASSED] - check: Object 'Object Repository/user/supplier/fields/checkbox_all_add' is checked

2018-10-29 17:43:33 - [MESSAGE][PASSED] - Object 'Object Repository/user/supplier/fields/checkbox_all_add' is checked

2018-10-29 17:43:33 - [TEST_STEP][PASSED] - Statement - If (CanEdit == "1"): Object 'Object Repository/user/supplier/fields/checkbox_all_edit' is checked

2018-10-29 17:43:33 - [TEST_STEP][PASSED] - check: Object 'Object Repository/user/supplier/fields/checkbox_all_edit' is checked

2018-10-29 17:43:33 - [MESSAGE][PASSED] - Object 'Object Repository/user/supplier/fields/checkbox_all_edit' is checked

2018-10-29 17:43:33 - [TEST_STEP][PASSED] - Statement - If (CanDelete == "1"): Object 'Object Repository/user/supplier/fields/checkbox_all_delete' is checked

2018-10-29 17:43:33 - [TEST_STEP][PASSED] - check: Object 'Object Repository/user/supplier/fields/checkbox_all_delete' is checked

2018-10-29 17:43:33 - [MESSAGE][PASSED] - Object 'Object Repository/user/supplier/fields/checkbox_all_delete' is checked

2018-10-29 17:43:33 - [TEST_STEP][PASSED] - Statement - If (CanAdd == "1"): Object 'Object Repository/user/supplier/fields/checkbox_all_add' is checked

2018-10-29 17:43:33 - [TEST_STEP][PASSED] - check: Object 'Object Repository/user/supplier/fields/checkbox_all_add' is checked

2018-10-29 17:43:34 - [MESSAGE][PASSED] - Object 'Object Repository/user/supplier/fields/checkbox_all_add' is checked

2018-10-29 17:43:34 - [TEST_STEP][PASSED] - Statement - If (CanEdit == "1"): Object 'Object Repository/user/supplier/fields/checkbox_all_edit' is checked

2018-10-29 17:43:34 - [TEST_STEP][PASSED] - check: Object 'Object Repository/user/supplier/fields/checkbox_all_edit' is checked

2018-10-29 17:43:34 - [MESSAGE][PASSED] - Object 'Object Repository/user/supplier/fields/checkbox_all_edit' is checked

2018-10-29 17:43:34 - [TEST_STEP][PASSED] - Statement - If (CanDelete == "1"): Object 'Object Repository/user/supplier/fields/checkbox_all_delete' is checked

2018-10-29 17:43:34 - [TEST_STEP][PASSED] - check: Object 'Object Repository/user/supplier/fields/checkbox_all_delete' is checked

2018-10-29 17:43:34 - [MESSAGE][PASSED] - Object 'Object Repository/user/supplier/fields/checkbox_all_delete' is checked

2018-10-29 17:43:34 - [TEST_STEP][PASSED] - Statement - If (CanAdd == "1"): Object 'Object Repository/user/supplier/fields/checkbox_all_add' is checked

2018-10-29 17:43:34 - [TEST_STEP][PASSED] - check: Object 'Object Repository/user/supplier/fields/checkbox_all_add' is checked

2018-10-29 17:43:34 - [MESSAGE][PASSED] - Object 'Object Repository/user/supplier/fields/checkbox_all_add' is checked

2018-10-29 17:43:34 - [TEST_STEP][PASSED] - Statement - If (CanEdit == "1"): Object 'Object Repository/user/supplier/fields/checkbox_all_edit' is checked

2018-10-29 17:43:34 - [TEST_STEP][PASSED] - check: Object 'Object Repository/user/supplier/fields/checkbox_all_edit' is checked

2018-10-29 17:43:34 - [MESSAGE][PASSED] - Object 'Object Repository/user/supplier/fields/checkbox_all_edit' is checked

2018-10-29 17:43:34 - [TEST_STEP][PASSED] - Statement - If (CanDelete == "1"): Object 'Object Repository/user/supplier/fields/checkbox_all_delete' is checked

2018-10-29 17:43:34 - [TEST_STEP][PASSED] - check: Object 'Object Repository/user/supplier/fields/checkbox_all_delete' is checked

2018-10-29 17:43:34 - [MESSAGE][PASSED] - Object 'Object Repository/user/supplier/fields/checkbox_all_delete' is checked

2018-10-29 17:43:34 - [TEST_STEP][PASSED] - Statement - If (CanAdd == "1"): Object 'Object Repository/user/supplier/fields/checkbox_all_add' is checked

2018-10-29 17:43:34 - [TEST_STEP][PASSED] - check: Object 'Object Repository/user/supplier/fields/checkbox_all_add' is checked

2018-10-29 17:43:35 - [MESSAGE][PASSED] - Object 'Object Repository/user/supplier/fields/checkbox_all_add' is checked

2018-10-29 17:43:35 - [TEST_STEP][PASSED] - Statement - If (CanEdit == "1"): Object 'Object Repository/user/supplier/fields/checkbox_all_edit' is checked

2018-10-29 17:43:35 - [TEST_STEP][PASSED] - check: Object 'Object Repository/user/supplier/fields/checkbox_all_edit' is checked

2018-10-29 17:43:35 - [MESSAGE][PASSED] - Object 'Object Repository/user/supplier/fields/checkbox_all_edit' is checked

2018-10-29 17:43:35 - [TEST_STEP][PASSED] - Statement - If (CanDelete == "1"): Object 'Object Repository/user/supplier/fields/checkbox_all_delete' is checked

2018-10-29 17:43:35 - [TEST_STEP][PASSED] - check: Object 'Object Repository/user/supplier/fields/checkbox_all_delete' is checked

2018-10-29 17:43:35 - [MESSAGE][PASSED] - Object 'Object Repository/user/supplier/fields/checkbox_all_delete' is checked

2018-10-29 17:43:35 - [TEST_STEP][PASSED] - Statement - If (CanAdd == "1"): Object 'Object Repository/user/supplier/fields/checkbox_all_add' is checked

2018-10-29 17:43:35 - [TEST_STEP][PASSED] - check: Object 'Object Repository/user/supplier/fields/checkbox_all_add' is checked

2018-10-29 17:43:35 - [MESSAGE][PASSED] - Object 'Object Repository/user/supplier/fields/checkbox_all_add' is checked

2018-10-29 17:43:35 - [TEST_STEP][PASSED] - Statement - If (CanEdit == "1"): Object 'Object Repository/user/supplier/fields/checkbox_all_edit' is checked

2018-10-29 17:43:35 - [TEST_STEP][PASSED] - check: Object 'Object Repository/user/supplier/fields/checkbox_all_edit' is checked

2018-10-29 17:43:36 - [MESSAGE][PASSED] - Object 'Object Repository/user/supplier/fields/checkbox_all_edit' is checked

2018-10-29 17:43:36 - [TEST_STEP][PASSED] - Statement - If (CanDelete == "1"): Object 'Object Repository/user/supplier/fields/checkbox_all_delete' is checked

2018-10-29 17:43:36 - [TEST_STEP][PASSED] - check: Object 'Object Repository/user/supplier/fields/checkbox_all_delete' is checked

2018-10-29 17:43:36 - [MESSAGE][PASSED] - Object 'Object Repository/user/supplier/fields/checkbox_all_delete' is checked

2018-10-29 17:43:36 - [TEST_STEP][PASSED] - click: Object: 'Object Repository/user/supplier/actions/button_submit' is clicked on

2018-10-29 17:43:39 - [MESSAGE][PASSED] - Object: 'Object Repository/user/supplier/actions/button_submit' is clicked on

2018-10-29 17:43:39 - [TEST_STEP][PASSED] - waitForPageLoad: Wait for page load successfully

2018-10-29 17:43:39 - [MESSAGE][PASSED] - Wait for page load successfully

2018-10-29 17:43:39 - [TEST_STEP][PASSED] - verifyElementPresent: Object 'Object Repository/user/supplier/fields/created_supplier' is present

2018-10-29 17:43:39 - [MESSAGE][PASSED] - Object 'Object Repository/user/supplier/fields/created_supplier' is present

2018-10-29 17:43:39 - [TEST_STEP][PASSED] - Statement - println("Admin added successfully"): null]]></system-out>
         <system-err><![CDATA[]]></system-err>
      </testcase>
      <testcase name="Test Cases/Common/LogOutNewAdmin" classname="Test Cases/Common/LogOutNewAdmin" status="PASSED">
         <system-out><![CDATA[2018-10-29 17:43:39 - [TEST_CASE][PASSED] - Test Cases/Common/LogOutNewAdmin: Test Cases/Common/LogOutNewAdmin

2018-10-29 17:43:39 - [TEST_STEP][PASSED] - click: Object: 'Object Repository/common/logout/button_Logout' is clicked on

2018-10-29 17:43:41 - [MESSAGE][PASSED] - Object: 'Object Repository/common/logout/button_Logout' is clicked on]]></system-out>
         <system-err><![CDATA[]]></system-err>
      </testcase>
      <system-out><![CDATA[2018-10-29 17:42:29 - [TEST_SUITE][FAILED] - ManageOperationForNewAdmin: Test Cases/Tour/BookTour FAILED because (of) Unable to click on object 'Object Repository/tour/fields/span_enable_infants' (Root cause: org.openqa.selenium.WebDriverException: unknown error: Element <span id="infantbtn">...</span> is not clickable at point (1196, 604). Other element would receive the click: <iframe id="h9npg4K-1540815193337" src="about:blank" frameborder="0" scrolling="no" title="chat widget" class="" style="outline: none !important; visibility: visible !important; resize: none !important; box-shadow: none !important; overflow: visible !important; background: none transparent !important; opacity: 1 !important; position: fixed !important; border: 0px !important; padding: 0px !important; transition-property: none !important; z-index: 1000001 !important; cursor: auto !important; float: none !important; height: 40px !important; min-height: 40px !important; max-height: 40px !important; width: 320px !important; min-width: 320px !important; max-width: 320px !important; border-radius: 0px !important; transform: rotate(0deg) translateZ(0px) !important; transform-origin: 0px center 0px !important; margin: 0px !important; top: auto !important; bottom: 0px !important; right: 10px !important; left: auto !important; display: block !important;"></iframe>
  (Session info: chrome=70.0.3538.77)
  (Driver info: chromedriver=2.35.528161 (5b82f2d2aae0ca24b877009200ced9065a772e73),platform=Windows NT 6.1.7601 SP1 x86_64) (WARNING: The server did not provide any stacktrace information)
Command duration or timeout: 0 milliseconds
Build info: version: '3.7.1', revision: '8a0099a', time: '2017-11-06T21:07:36.161Z'
System info: host: 'RENU-PC', ip: '192.168.1.75', os.name: 'Windows 7', os.arch: 'amd64', os.version: '6.1', java.version: '1.8.0_102'
Driver info: com.kms.katalon.selenium.driver.CChromeDriver
Capabilities {acceptInsecureCerts: false, acceptSslCerts: false, applicationCacheEnabled: false, browserConnectionEnabled: false, browserName: chrome, chrome: {chromedriverVersion: 2.35.528161 (5b82f2d2aae0ca..., userDataDir: C:\Users\Renu\AppData\Local...}, cssSelectorsEnabled: true, databaseEnabled: false, handlesAlerts: true, hasTouchScreen: false, javascriptEnabled: true, locationContextEnabled: true, mobileEmulationEnabled: false, nativeEvents: true, networkConnectionEnabled: false, pageLoadStrategy: normal, platform: XP, platformName: XP, rotatable: false, setWindowRect: true, takesHeapSnapshot: true, takesScreenshot: true, unexpectedAlertBehaviour: , unhandledPromptBehavior: , version: 70.0.3538.77, webStorageEnabled: true}
Session ID: 7bc0a33f420157051c112a4ed2c56ecb)]]></system-out>
      <system-err><![CDATA[2018-10-29 17:42:29 - [TEST_SUITE][FAILED] - ManageOperationForNewAdmin: Test Cases/Tour/BookTour FAILED because (of) Unable to click on object 'Object Repository/tour/fields/span_enable_infants' (Root cause: org.openqa.selenium.WebDriverException: unknown error: Element <span id="infantbtn">...</span> is not clickable at point (1196, 604). Other element would receive the click: <iframe id="h9npg4K-1540815193337" src="about:blank" frameborder="0" scrolling="no" title="chat widget" class="" style="outline: none !important; visibility: visible !important; resize: none !important; box-shadow: none !important; overflow: visible !important; background: none transparent !important; opacity: 1 !important; position: fixed !important; border: 0px !important; padding: 0px !important; transition-property: none !important; z-index: 1000001 !important; cursor: auto !important; float: none !important; height: 40px !important; min-height: 40px !important; max-height: 40px !important; width: 320px !important; min-width: 320px !important; max-width: 320px !important; border-radius: 0px !important; transform: rotate(0deg) translateZ(0px) !important; transform-origin: 0px center 0px !important; margin: 0px !important; top: auto !important; bottom: 0px !important; right: 10px !important; left: auto !important; display: block !important;"></iframe>
  (Session info: chrome=70.0.3538.77)
  (Driver info: chromedriver=2.35.528161 (5b82f2d2aae0ca24b877009200ced9065a772e73),platform=Windows NT 6.1.7601 SP1 x86_64) (WARNING: The server did not provide any stacktrace information)
Command duration or timeout: 0 milliseconds
Build info: version: '3.7.1', revision: '8a0099a', time: '2017-11-06T21:07:36.161Z'
System info: host: 'RENU-PC', ip: '192.168.1.75', os.name: 'Windows 7', os.arch: 'amd64', os.version: '6.1', java.version: '1.8.0_102'
Driver info: com.kms.katalon.selenium.driver.CChromeDriver
Capabilities {acceptInsecureCerts: false, acceptSslCerts: false, applicationCacheEnabled: false, browserConnectionEnabled: false, browserName: chrome, chrome: {chromedriverVersion: 2.35.528161 (5b82f2d2aae0ca..., userDataDir: C:\Users\Renu\AppData\Local...}, cssSelectorsEnabled: true, databaseEnabled: false, handlesAlerts: true, hasTouchScreen: false, javascriptEnabled: true, locationContextEnabled: true, mobileEmulationEnabled: false, nativeEvents: true, networkConnectionEnabled: false, pageLoadStrategy: normal, platform: XP, platformName: XP, rotatable: false, setWindowRect: true, takesHeapSnapshot: true, takesScreenshot: true, unexpectedAlertBehaviour: , unhandledPromptBehavior: , version: 70.0.3538.77, webStorageEnabled: true}
Session ID: 7bc0a33f420157051c112a4ed2c56ecb)]]></system-err>
   </testsuite>
</testsuites>
