{"devicePlatform":"","logFolder":"D:\\Katalon_Works\\Katalon_Assignment_2\\Renu_Katalon_Assignment_2\\Reports\\AddNewAdmin\\20181027_151112","runData":{"hostName":"Renu - Renu-PC","os":"Windows 7 64bit","katalonVersion":"5.4.1.1","browser":"Firefox 62.0","hostAddress":"192.168.1.75","sessionId":"c97f7e82-ed93-4618-8662-bb0f438ac01a","seleniumVersion":"3.7.1","proxyInformation":"ProxyInformation{proxyOption\u003dNO_PROXY, proxyServerType\u003dHTTP, password\u003d, proxyServerAddress\u003d, proxyServerPort\u003d0}","platform":"Windows 7"},"type":"TEST_SUITE","name":"AddNewAdmin","id":"Test Suites/AddNewAdmin","source":"","message":"Test Cases/Common/LoginAsAdmin FAILED because (of) org.codehaus.groovy.runtime.metaclass.MissingMethodExceptionNoStack: No signature of method: phpTravels.commonUtils.login() is applicable for argument types: (java.lang.String, java.lang.String) values: [admin@phptravels.com, demoadmin]\nPossible solutions: Login(java.lang.String, java.lang.String), notify(), wait(), find()","description":"","startTime":1540633275535,"endTime":1540633294545,"childRecords":[{"isOptional":false,"type":"TEST_CASE","name":"Test Cases/Common/NavigateToUrl","id":"Test Cases/Common/NavigateToUrl","source":"D:\\\\Katalon_Works\\\\Katalon_Assignment_2\\\\Renu_Katalon_Assignment_2\\\\Test Cases\\\\Common\\\\NavigateToUrl.tc","message":"Test Cases/Common/NavigateToUrl","description":"","startTime":1540633276284,"endTime":1540633293043,"childRecords":[{"testStatus":{"stackTrace":"","statusValue":"INFO"},"type":"MESSAGE","name":"","message":"Evaluating variables for test case","startTime":1540633276348,"endTime":0,"childRecords":[],"interuppted":false},{"index":1,"isIgnoredIfFailed":false,"type":"TEST_STEP","name":"openBrowser","message":"Browser is opened with url: \u0027\u0027","description":"","startTime":1540633277059,"endTime":1540633284031,"childRecords":[{"testStatus":{"stackTrace":"","statusValue":"PASSED"},"type":"MESSAGE","name":"","message":"Browser is opened with url: \u0027\u0027","startTime":1540633284029,"endTime":0,"childRecords":[],"interuppted":false}],"interuppted":false},{"index":2,"isIgnoredIfFailed":false,"type":"TEST_STEP","name":"openBrowser","message":"Browser is opened with url: \u0027\u0027","description":"","startTime":1540633284032,"endTime":1540633290852,"childRecords":[{"testStatus":{"stackTrace":"","statusValue":"WARNING"},"type":"MESSAGE","name":"","message":"A browser is already opened. Closing browser and opening a new one","startTime":1540633284035,"endTime":0,"childRecords":[],"interuppted":false},{"testStatus":{"stackTrace":"","statusValue":"PASSED"},"type":"MESSAGE","name":"","message":"Browser is opened with url: \u0027\u0027","startTime":1540633290851,"endTime":0,"childRecords":[],"interuppted":false}],"interuppted":false},{"index":3,"isIgnoredIfFailed":false,"type":"TEST_STEP","name":"navigateToUrl","message":"Navigate to \u0027https://www.phptravels.net/admin\u0027 successfully","description":"","startTime":1540633290853,"endTime":1540633293041,"childRecords":[{"testStatus":{"stackTrace":"","statusValue":"PASSED"},"type":"MESSAGE","name":"","message":"Navigate to \u0027https://www.phptravels.net/admin\u0027 successfully","startTime":1540633293037,"endTime":0,"childRecords":[],"interuppted":false}],"interuppted":false},{"testStatus":{"stackTrace":"","statusValue":"PASSED"},"type":"MESSAGE","name":"","message":"Test Cases/Common/NavigateToUrl","startTime":1540633293042,"endTime":0,"childRecords":[],"interuppted":false}],"interuppted":false},{"isOptional":false,"type":"TEST_CASE","name":"Test Cases/Common/LoginAsAdmin","id":"Test Cases/Common/LoginAsAdmin","source":"D:\\\\Katalon_Works\\\\Katalon_Assignment_2\\\\Renu_Katalon_Assignment_2\\\\Test Cases\\\\Common\\\\LoginAsAdmin.tc","message":"Test Cases/Common/LoginAsAdmin FAILED because (of) org.codehaus.groovy.runtime.metaclass.MissingMethodExceptionNoStack: No signature of method: phpTravels.commonUtils.login() is applicable for argument types: (java.lang.String, java.lang.String) values: [admin@phptravels.com, demoadmin]\nPossible solutions: Login(java.lang.String, java.lang.String), notify(), wait(), find()","description":"","startTime":1540633293049,"endTime":1540633293685,"childRecords":[{"testStatus":{"stackTrace":"","statusValue":"INFO"},"type":"MESSAGE","name":"","message":"Evaluating variables for test case","startTime":1540633293112,"endTime":0,"childRecords":[],"interuppted":false},{"index":1,"isIgnoredIfFailed":false,"type":"TEST_STEP","name":"phpTravels.commonUtils.login","message":"No signature of method: phpTravels.commonUtils.login() is applicable for argument types: (java.lang.String, java.lang.String) values: [admin@phptravels.com, demoadmin]\nPossible solutions: Login(java.lang.String, java.lang.String), notify(), wait(), find()","description":"","startTime":1540633293653,"endTime":1540633293676,"childRecords":[{"testStatus":{"stackTrace":"","statusValue":"ERROR"},"type":"MESSAGE","name":"","message":"No signature of method: phpTravels.commonUtils.login() is applicable for argument types: (java.lang.String, java.lang.String) values: [admin@phptravels.com, demoadmin]\nPossible solutions: Login(java.lang.String, java.lang.String), notify(), wait(), find()","startTime":1540633293672,"endTime":0,"childRecords":[],"interuppted":false}],"interuppted":false},{"testStatus":{"stackTrace":"","statusValue":"ERROR"},"type":"MESSAGE","name":"","message":"Test Cases/Common/LoginAsAdmin FAILED because (of) org.codehaus.groovy.runtime.metaclass.MissingMethodExceptionNoStack: No signature of method: phpTravels.commonUtils.login() is applicable for argument types: (java.lang.String, java.lang.String) values: [admin@phptravels.com, demoadmin]\nPossible solutions: Login(java.lang.String, java.lang.String), notify(), wait(), find()","startTime":1540633293680,"endTime":0,"childRecords":[],"interuppted":false}],"interuppted":false}],"interuppted":false}