<?xml version="1.0" encoding="UTF-8"?>
<testsuites name="AddNewAdmin" time="29" tests="2" failures="0" errors="1">
   <testsuite name="AddNewAdmin" tests="2" failures="0" errors="1" time="29" timestamp="2018-10-27 17:21:26" hostname="Renu - Renu-PC" id="Test Suites/AddNewAdmin">
      <properties>
         <property name="deviceName" value=""/>
         <property name="devicePlatform" value=""/>
         <property name="logFolder" value="D:\\Katalon_Works\\Katalon_Assignment_2\\Renu_Katalon_Assignment_2\\Reports\\AddNewAdmin\\20181027_172123"/>
         <property name="logFiles" value="D:\\Katalon_Works\\Katalon_Assignment_2\\Renu_Katalon_Assignment_2\\Reports\\AddNewAdmin\\20181027_172123\\execution0.log"/>
         <property name="attachments" value=""/>
         <property name="hostName" value="Renu - Renu-PC"/>
         <property name="os" value="Windows 7 64bit"/>
         <property name="katalonVersion" value="5.4.1.1"/>
         <property name="browser" value="Firefox 62.0"/>
         <property name="dbServerInfo" value="MySQL 5.6.20"/>
         <property name="hostAddress" value="192.168.1.75"/>
         <property name="sessionId" value="5d0fa39b-0b4c-4a26-a0e5-49548e2cd69b"/>
         <property name="seleniumVersion" value="3.7.1"/>
         <property name="proxyInformation" value="ProxyInformation{proxyOption=NO_PROXY, proxyServerType=HTTP, password=, proxyServerAddress=, proxyServerPort=0}"/>
         <property name="platform" value="Windows 7"/>
      </properties>
      <testcase name="Test Cases/Common/NavigateToUrl" classname="Test Cases/Common/NavigateToUrl" status="PASSED">
         <system-out><![CDATA[2018-10-27 17:21:27 - [TEST_CASE][PASSED] - Test Cases/Common/NavigateToUrl: Test Cases/Common/NavigateToUrl

2018-10-27 17:21:27 - [TEST_STEP][PASSED] - openBrowser: Browser is opened with url: ''

2018-10-27 17:21:34 - [MESSAGE][PASSED] - Browser is opened with url: ''

2018-10-27 17:21:34 - [TEST_STEP][PASSED] - openBrowser: Browser is opened with url: ''

2018-10-27 17:21:34 - [MESSAGE][WARNING] - A browser is already opened. Closing browser and opening a new one

2018-10-27 17:21:40 - [MESSAGE][PASSED] - Browser is opened with url: ''

2018-10-27 17:21:40 - [TEST_STEP][PASSED] - navigateToUrl: Navigate to 'https://www.phptravels.net/admin' successfully

2018-10-27 17:21:43 - [MESSAGE][PASSED] - Navigate to 'https://www.phptravels.net/admin' successfully]]></system-out>
         <system-err><![CDATA[]]></system-err>
      </testcase>
      <testcase name="Test Cases/Common/LoginAsAdmin" classname="Test Cases/Common/LoginAsAdmin" status="PASSED">
         <system-out><![CDATA[2018-10-27 17:21:43 - [TEST_CASE][PASSED] - Test Cases/Common/LoginAsAdmin: Test Cases/Common/LoginAsAdmin

2018-10-27 17:21:43 - [TEST_STEP][PASSED] - phpTravels.Common.Login: phpTravels.Common.Login is PASSED

2018-10-27 17:21:44 - [MESSAGE][PASSED] - Text 'admin@phptravels.com' is set on object 'Object Repository/common/login/input_email'

2018-10-27 17:21:44 - [MESSAGE][PASSED] - Text 'demoadmin' is set on object 'Object Repository/common/login/input_password'

2018-10-27 17:21:45 - [MESSAGE][PASSED] - Object: 'Object Repository/common/login/button_Login' is clicked on

2018-10-27 17:21:45 - [MESSAGE][PASSED] - phpTravels.Common.Login is PASSED]]></system-out>
         <system-err><![CDATA[]]></system-err>
      </testcase>
      <testcase name="Test Cases/User/AddAdmin" classname="Test Cases/User/AddAdmin" status="ERROR">
         <error type="ERROR" message="Test Cases/User/AddAdmin FAILED because (of) org.codehaus.groovy.runtime.typehandling.GroovyCastException: Cannot cast object 'FirstName' with class 'phpTravels.User' to class 'int'"/>
         <system-out><![CDATA[2018-10-27 17:21:45 - [TEST_CASE][ERROR] - Test Cases/User/AddAdmin: Test Cases/User/AddAdmin FAILED because (of) org.codehaus.groovy.runtime.typehandling.GroovyCastException: Cannot cast object 'FirstName' with class 'phpTravels.User' to class 'int'

2018-10-27 17:21:45 - [TEST_STEP][PASSED] - phpTravels.Admin.NavigateToAdminPage: phpTravels.Admin.NavigateToAdminPage is PASSED

2018-10-27 17:21:49 - [MESSAGE][PASSED] - Object: 'Object Repository/user/admin/dashboard/a_Accounts' is clicked on

2018-10-27 17:21:51 - [MESSAGE][PASSED] - Object: 'Object Repository/user/admin/dashboard/a_Admins' is clicked on

2018-10-27 17:21:54 - [MESSAGE][PASSED] - Object: 'Object Repository/user/admin/action/button_Add' is clicked on

2018-10-27 17:21:54 - [MESSAGE][PASSED] - phpTravels.Admin.NavigateToAdminPage is PASSED

2018-10-27 17:21:54 - [TEST_STEP][ERROR] - phpTravels.Admin.SetAdminDetails: Cannot cast object 'FirstName' with class 'phpTravels.User' to class 'int'

2018-10-27 17:21:55 - [MESSAGE][PASSED] - Text 'Renu' is set on object 'Object Repository/user/admin/fields/input_fname'

2018-10-27 17:21:55 - [MESSAGE][ERROR] - Cannot cast object 'FirstName' with class 'phpTravels.User' to class 'int']]></system-out>
         <system-err><![CDATA[2018-10-27 17:21:45 - [TEST_CASE][ERROR] - Test Cases/User/AddAdmin: Test Cases/User/AddAdmin FAILED because (of) org.codehaus.groovy.runtime.typehandling.GroovyCastException: Cannot cast object 'FirstName' with class 'phpTravels.User' to class 'int']]></system-err>
      </testcase>
      <system-out><![CDATA[2018-10-27 17:21:26 - [TEST_SUITE][ERROR] - AddNewAdmin: Test Cases/User/AddAdmin FAILED because (of) org.codehaus.groovy.runtime.typehandling.GroovyCastException: Cannot cast object 'FirstName' with class 'phpTravels.User' to class 'int']]></system-out>
      <system-err><![CDATA[2018-10-27 17:21:26 - [TEST_SUITE][ERROR] - AddNewAdmin: Test Cases/User/AddAdmin FAILED because (of) org.codehaus.groovy.runtime.typehandling.GroovyCastException: Cannot cast object 'FirstName' with class 'phpTravels.User' to class 'int']]></system-err>
   </testsuite>
</testsuites>
