{"devicePlatform":"","logFolder":"D:\\Katalon_Works\\Katalon_Assignment_2\\Renu_Katalon_Assignment_2\\Reports\\AddNewAdmin\\20181027_170038","runData":{"hostName":"Renu - Renu-PC","os":"Windows 7 64bit","katalonVersion":"5.4.1.1","browser":"Firefox 62.0","dbServerInfo":"MySQL 5.6.20","hostAddress":"192.168.1.75","sessionId":"6c78c303-3452-4b41-a0a0-c4544289b51a","seleniumVersion":"3.7.1","proxyInformation":"ProxyInformation{proxyOption\u003dNO_PROXY, proxyServerType\u003dHTTP, password\u003d, proxyServerAddress\u003d, proxyServerPort\u003d0}","platform":"Windows 7"},"type":"TEST_SUITE","name":"AddNewAdmin","id":"Test Suites/AddNewAdmin","source":"","message":"Test Cases/User/AddAdmin FAILED because (of) org.codehaus.groovy.runtime.InvokerInvocationException: groovy.lang.MissingMethodException: No signature of method: com.kms.katalon.core.testdata.DBData.getValue() is applicable for argument types: (phpTravels.User, java.lang.Integer) values: [FirstName, 1]\nPossible solutions: getValue(int, int), getValue(java.lang.String, int), getClass(), getData(), getType()","description":"","startTime":1540639841032,"endTime":1540639870460,"childRecords":[{"isOptional":false,"type":"TEST_CASE","name":"Test Cases/Common/NavigateToUrl","id":"Test Cases/Common/NavigateToUrl","source":"D:\\\\Katalon_Works\\\\Katalon_Assignment_2\\\\Renu_Katalon_Assignment_2\\\\Test Cases\\\\Common\\\\NavigateToUrl.tc","message":"Test Cases/Common/NavigateToUrl","description":"","startTime":1540639841806,"endTime":1540639858604,"childRecords":[{"testStatus":{"stackTrace":"","statusValue":"INFO"},"type":"MESSAGE","name":"","message":"Evaluating variables for test case","startTime":1540639841883,"endTime":0,"childRecords":[],"interuppted":false},{"index":1,"isIgnoredIfFailed":false,"type":"TEST_STEP","name":"openBrowser","message":"Browser is opened with url: \u0027\u0027","description":"","startTime":1540639842442,"endTime":1540639849973,"childRecords":[{"testStatus":{"stackTrace":"","statusValue":"PASSED"},"type":"MESSAGE","name":"","message":"Browser is opened with url: \u0027\u0027","startTime":1540639849972,"endTime":0,"childRecords":[],"interuppted":false}],"interuppted":false},{"index":2,"isIgnoredIfFailed":false,"type":"TEST_STEP","name":"openBrowser","message":"Browser is opened with url: \u0027\u0027","description":"","startTime":1540639849974,"endTime":1540639855746,"childRecords":[{"testStatus":{"stackTrace":"","statusValue":"WARNING"},"type":"MESSAGE","name":"","message":"A browser is already opened. Closing browser and opening a new one","startTime":1540639849975,"endTime":0,"childRecords":[],"interuppted":false},{"testStatus":{"stackTrace":"","statusValue":"PASSED"},"type":"MESSAGE","name":"","message":"Browser is opened with url: \u0027\u0027","startTime":1540639855743,"endTime":0,"childRecords":[],"interuppted":false}],"interuppted":false},{"index":3,"isIgnoredIfFailed":false,"type":"TEST_STEP","name":"navigateToUrl","message":"Navigate to \u0027https://www.phptravels.net/admin\u0027 successfully","description":"","startTime":1540639855747,"endTime":1540639858598,"childRecords":[{"testStatus":{"stackTrace":"","statusValue":"PASSED"},"type":"MESSAGE","name":"","message":"Navigate to \u0027https://www.phptravels.net/admin\u0027 successfully","startTime":1540639858596,"endTime":0,"childRecords":[],"interuppted":false}],"interuppted":false},{"testStatus":{"stackTrace":"","statusValue":"PASSED"},"type":"MESSAGE","name":"","message":"Test Cases/Common/NavigateToUrl","startTime":1540639858599,"endTime":0,"childRecords":[],"interuppted":false}],"interuppted":false},{"isOptional":false,"type":"TEST_CASE","name":"Test Cases/Common/LoginAsAdmin","id":"Test Cases/Common/LoginAsAdmin","source":"D:\\\\Katalon_Works\\\\Katalon_Assignment_2\\\\Renu_Katalon_Assignment_2\\\\Test Cases\\\\Common\\\\LoginAsAdmin.tc","message":"Test Cases/Common/LoginAsAdmin","description":"","startTime":1540639858615,"endTime":1540639860094,"childRecords":[{"testStatus":{"stackTrace":"","statusValue":"INFO"},"type":"MESSAGE","name":"","message":"Evaluating variables for test case","startTime":1540639858653,"endTime":0,"childRecords":[],"interuppted":false},{"index":1,"isIgnoredIfFailed":false,"type":"TEST_STEP","name":"phpTravels.Common.Login","message":"phpTravels.Common.Login is PASSED","description":"","startTime":1540639859092,"endTime":1540639860090,"childRecords":[{"testStatus":{"stackTrace":"","statusValue":"PASSED"},"type":"MESSAGE","name":"","message":"Text \u0027admin@phptravels.com\u0027 is set on object \u0027Object Repository/common/login/input_email\u0027","startTime":1540639859408,"endTime":0,"childRecords":[],"interuppted":false},{"testStatus":{"stackTrace":"","statusValue":"PASSED"},"type":"MESSAGE","name":"","message":"Text \u0027demoadmin\u0027 is set on object \u0027Object Repository/common/login/input_password\u0027","startTime":1540639859624,"endTime":0,"childRecords":[],"interuppted":false},{"testStatus":{"stackTrace":"","statusValue":"PASSED"},"type":"MESSAGE","name":"","message":"Object: \u0027Object Repository/common/login/button_Login\u0027 is clicked on","startTime":1540639860089,"endTime":0,"childRecords":[],"interuppted":false},{"testStatus":{"stackTrace":"","statusValue":"PASSED"},"type":"MESSAGE","name":"","message":"phpTravels.Common.Login is PASSED","startTime":1540639860089,"endTime":0,"childRecords":[],"interuppted":false}],"interuppted":false},{"testStatus":{"stackTrace":"","statusValue":"PASSED"},"type":"MESSAGE","name":"","message":"Test Cases/Common/LoginAsAdmin","startTime":1540639860094,"endTime":0,"childRecords":[],"interuppted":false}],"interuppted":false},{"isOptional":false,"type":"TEST_CASE","name":"Test Cases/User/AddAdmin","id":"Test Cases/User/AddAdmin","source":"D:\\\\Katalon_Works\\\\Katalon_Assignment_2\\\\Renu_Katalon_Assignment_2\\\\Test Cases\\\\User\\\\AddAdmin.tc","message":"Test Cases/User/AddAdmin FAILED because (of) org.codehaus.groovy.runtime.InvokerInvocationException: groovy.lang.MissingMethodException: No signature of method: com.kms.katalon.core.testdata.DBData.getValue() is applicable for argument types: (phpTravels.User, java.lang.Integer) values: [FirstName, 1]\nPossible solutions: getValue(int, int), getValue(java.lang.String, int), getClass(), getData(), getType()","description":"","startTime":1540639860126,"endTime":1540639869924,"childRecords":[{"testStatus":{"stackTrace":"","statusValue":"INFO"},"type":"MESSAGE","name":"","message":"Evaluating variables for test case","startTime":1540639860273,"endTime":0,"childRecords":[],"interuppted":false},{"index":1,"isIgnoredIfFailed":false,"type":"TEST_STEP","name":"phpTravels.Admin.NavigateToAdminPage","message":"phpTravels.Admin.NavigateToAdminPage is PASSED","description":"","startTime":1540639860631,"endTime":1540639868870,"childRecords":[{"testStatus":{"stackTrace":"","statusValue":"PASSED"},"type":"MESSAGE","name":"","message":"Object: \u0027Object Repository/user/admin/dashboard/a_Accounts\u0027 is clicked on","startTime":1540639864171,"endTime":0,"childRecords":[],"interuppted":false},{"testStatus":{"stackTrace":"","statusValue":"PASSED"},"type":"MESSAGE","name":"","message":"Object: \u0027Object Repository/user/admin/dashboard/a_Admins\u0027 is clicked on","startTime":1540639866262,"endTime":0,"childRecords":[],"interuppted":false},{"testStatus":{"stackTrace":"","statusValue":"PASSED"},"type":"MESSAGE","name":"","message":"Object: \u0027Object Repository/user/admin/action/button_Add\u0027 is clicked on","startTime":1540639868869,"endTime":0,"childRecords":[],"interuppted":false},{"testStatus":{"stackTrace":"","statusValue":"PASSED"},"type":"MESSAGE","name":"","message":"phpTravels.Admin.NavigateToAdminPage is PASSED","startTime":1540639868870,"endTime":0,"childRecords":[],"interuppted":false}],"interuppted":false},{"index":2,"isIgnoredIfFailed":false,"type":"TEST_STEP","name":"phpTravels.Admin.SetAdminDetails","message":"groovy.lang.MissingMethodException: No signature of method: com.kms.katalon.core.testdata.DBData.getValue() is applicable for argument types: (phpTravels.User, java.lang.Integer) values: [FirstName, 1]\nPossible solutions: getValue(int, int), getValue(java.lang.String, int), getClass(), getData(), getType()","description":"","startTime":1540639868871,"endTime":1540639869873,"childRecords":[{"testStatus":{"stackTrace":"","statusValue":"ERROR"},"type":"MESSAGE","name":"","message":"groovy.lang.MissingMethodException: No signature of method: com.kms.katalon.core.testdata.DBData.getValue() is applicable for argument types: (phpTravels.User, java.lang.Integer) values: [FirstName, 1]\nPossible solutions: getValue(int, int), getValue(java.lang.String, int), getClass(), getData(), getType()","startTime":1540639869858,"endTime":0,"childRecords":[],"interuppted":false}],"interuppted":false},{"testStatus":{"stackTrace":"","statusValue":"ERROR"},"type":"MESSAGE","name":"","message":"Test Cases/User/AddAdmin FAILED because (of) org.codehaus.groovy.runtime.InvokerInvocationException: groovy.lang.MissingMethodException: No signature of method: com.kms.katalon.core.testdata.DBData.getValue() is applicable for argument types: (phpTravels.User, java.lang.Integer) values: [FirstName, 1]\nPossible solutions: getValue(int, int), getValue(java.lang.String, int), getClass(), getData(), getType()","startTime":1540639869904,"endTime":0,"childRecords":[],"interuppted":false}],"interuppted":false}],"interuppted":false}