<?xml version="1.0" encoding="UTF-8"?>
<testsuites name="AddNewAdmin" time="29" tests="2" failures="0" errors="1">
   <testsuite name="AddNewAdmin" tests="2" failures="0" errors="1" time="29" timestamp="2018-10-27 17:00:41" hostname="Renu - Renu-PC" id="Test Suites/AddNewAdmin">
      <properties>
         <property name="deviceName" value=""/>
         <property name="devicePlatform" value=""/>
         <property name="logFolder" value="D:\\Katalon_Works\\Katalon_Assignment_2\\Renu_Katalon_Assignment_2\\Reports\\AddNewAdmin\\20181027_170038"/>
         <property name="logFiles" value="D:\\Katalon_Works\\Katalon_Assignment_2\\Renu_Katalon_Assignment_2\\Reports\\AddNewAdmin\\20181027_170038\\execution0.log"/>
         <property name="attachments" value=""/>
         <property name="hostName" value="Renu - Renu-PC"/>
         <property name="os" value="Windows 7 64bit"/>
         <property name="katalonVersion" value="5.4.1.1"/>
         <property name="browser" value="Firefox 62.0"/>
         <property name="dbServerInfo" value="MySQL 5.6.20"/>
         <property name="hostAddress" value="192.168.1.75"/>
         <property name="sessionId" value="6c78c303-3452-4b41-a0a0-c4544289b51a"/>
         <property name="seleniumVersion" value="3.7.1"/>
         <property name="proxyInformation" value="ProxyInformation{proxyOption=NO_PROXY, proxyServerType=HTTP, password=, proxyServerAddress=, proxyServerPort=0}"/>
         <property name="platform" value="Windows 7"/>
      </properties>
      <testcase name="Test Cases/Common/NavigateToUrl" classname="Test Cases/Common/NavigateToUrl" status="PASSED">
         <system-out><![CDATA[2018-10-27 17:00:41 - [TEST_CASE][PASSED] - Test Cases/Common/NavigateToUrl: Test Cases/Common/NavigateToUrl

2018-10-27 17:00:42 - [TEST_STEP][PASSED] - openBrowser: Browser is opened with url: ''

2018-10-27 17:00:49 - [MESSAGE][PASSED] - Browser is opened with url: ''

2018-10-27 17:00:49 - [TEST_STEP][PASSED] - openBrowser: Browser is opened with url: ''

2018-10-27 17:00:49 - [MESSAGE][WARNING] - A browser is already opened. Closing browser and opening a new one

2018-10-27 17:00:55 - [MESSAGE][PASSED] - Browser is opened with url: ''

2018-10-27 17:00:55 - [TEST_STEP][PASSED] - navigateToUrl: Navigate to 'https://www.phptravels.net/admin' successfully

2018-10-27 17:00:58 - [MESSAGE][PASSED] - Navigate to 'https://www.phptravels.net/admin' successfully]]></system-out>
         <system-err><![CDATA[]]></system-err>
      </testcase>
      <testcase name="Test Cases/Common/LoginAsAdmin" classname="Test Cases/Common/LoginAsAdmin" status="PASSED">
         <system-out><![CDATA[2018-10-27 17:00:58 - [TEST_CASE][PASSED] - Test Cases/Common/LoginAsAdmin: Test Cases/Common/LoginAsAdmin

2018-10-27 17:00:59 - [TEST_STEP][PASSED] - phpTravels.Common.Login: phpTravels.Common.Login is PASSED

2018-10-27 17:00:59 - [MESSAGE][PASSED] - Text 'admin@phptravels.com' is set on object 'Object Repository/common/login/input_email'

2018-10-27 17:00:59 - [MESSAGE][PASSED] - Text 'demoadmin' is set on object 'Object Repository/common/login/input_password'

2018-10-27 17:01:00 - [MESSAGE][PASSED] - Object: 'Object Repository/common/login/button_Login' is clicked on

2018-10-27 17:01:00 - [MESSAGE][PASSED] - phpTravels.Common.Login is PASSED]]></system-out>
         <system-err><![CDATA[]]></system-err>
      </testcase>
      <testcase name="Test Cases/User/AddAdmin" classname="Test Cases/User/AddAdmin" status="ERROR">
         <error type="ERROR" message="Test Cases/User/AddAdmin FAILED because (of) org.codehaus.groovy.runtime.InvokerInvocationException: groovy.lang.MissingMethodException: No signature of method: com.kms.katalon.core.testdata.DBData.getValue() is applicable for argument types: (phpTravels.User, java.lang.Integer) values: [FirstName, 1]
Possible solutions: getValue(int, int), getValue(java.lang.String, int), getClass(), getData(), getType()"/>
         <system-out><![CDATA[2018-10-27 17:01:00 - [TEST_CASE][ERROR] - Test Cases/User/AddAdmin: Test Cases/User/AddAdmin FAILED because (of) org.codehaus.groovy.runtime.InvokerInvocationException: groovy.lang.MissingMethodException: No signature of method: com.kms.katalon.core.testdata.DBData.getValue() is applicable for argument types: (phpTravels.User, java.lang.Integer) values: [FirstName, 1]
Possible solutions: getValue(int, int), getValue(java.lang.String, int), getClass(), getData(), getType()

2018-10-27 17:01:00 - [TEST_STEP][PASSED] - phpTravels.Admin.NavigateToAdminPage: phpTravels.Admin.NavigateToAdminPage is PASSED

2018-10-27 17:01:04 - [MESSAGE][PASSED] - Object: 'Object Repository/user/admin/dashboard/a_Accounts' is clicked on

2018-10-27 17:01:06 - [MESSAGE][PASSED] - Object: 'Object Repository/user/admin/dashboard/a_Admins' is clicked on

2018-10-27 17:01:08 - [MESSAGE][PASSED] - Object: 'Object Repository/user/admin/action/button_Add' is clicked on

2018-10-27 17:01:08 - [MESSAGE][PASSED] - phpTravels.Admin.NavigateToAdminPage is PASSED

2018-10-27 17:01:08 - [TEST_STEP][ERROR] - phpTravels.Admin.SetAdminDetails: groovy.lang.MissingMethodException: No signature of method: com.kms.katalon.core.testdata.DBData.getValue() is applicable for argument types: (phpTravels.User, java.lang.Integer) values: [FirstName, 1]
Possible solutions: getValue(int, int), getValue(java.lang.String, int), getClass(), getData(), getType()

2018-10-27 17:01:09 - [MESSAGE][ERROR] - groovy.lang.MissingMethodException: No signature of method: com.kms.katalon.core.testdata.DBData.getValue() is applicable for argument types: (phpTravels.User, java.lang.Integer) values: [FirstName, 1]
Possible solutions: getValue(int, int), getValue(java.lang.String, int), getClass(), getData(), getType()]]></system-out>
         <system-err><![CDATA[2018-10-27 17:01:00 - [TEST_CASE][ERROR] - Test Cases/User/AddAdmin: Test Cases/User/AddAdmin FAILED because (of) org.codehaus.groovy.runtime.InvokerInvocationException: groovy.lang.MissingMethodException: No signature of method: com.kms.katalon.core.testdata.DBData.getValue() is applicable for argument types: (phpTravels.User, java.lang.Integer) values: [FirstName, 1]
Possible solutions: getValue(int, int), getValue(java.lang.String, int), getClass(), getData(), getType()]]></system-err>
      </testcase>
      <system-out><![CDATA[2018-10-27 17:00:41 - [TEST_SUITE][ERROR] - AddNewAdmin: Test Cases/User/AddAdmin FAILED because (of) org.codehaus.groovy.runtime.InvokerInvocationException: groovy.lang.MissingMethodException: No signature of method: com.kms.katalon.core.testdata.DBData.getValue() is applicable for argument types: (phpTravels.User, java.lang.Integer) values: [FirstName, 1]
Possible solutions: getValue(int, int), getValue(java.lang.String, int), getClass(), getData(), getType()]]></system-out>
      <system-err><![CDATA[2018-10-27 17:00:41 - [TEST_SUITE][ERROR] - AddNewAdmin: Test Cases/User/AddAdmin FAILED because (of) org.codehaus.groovy.runtime.InvokerInvocationException: groovy.lang.MissingMethodException: No signature of method: com.kms.katalon.core.testdata.DBData.getValue() is applicable for argument types: (phpTravels.User, java.lang.Integer) values: [FirstName, 1]
Possible solutions: getValue(int, int), getValue(java.lang.String, int), getClass(), getData(), getType()]]></system-err>
   </testsuite>
</testsuites>
