{"devicePlatform":"","logFolder":"D:\\Katalon_Works\\Katalon_Assignment_2\\Renu_Katalon_Assignment_2\\Reports\\AddNewAdmin\\20181027_185409","runData":{"hostName":"Renu - Renu-PC","os":"Windows 7 64bit","katalonVersion":"5.4.1.1","browser":"Firefox 62.0","dbServerInfo":"MySQL 5.6.20","hostAddress":"192.168.1.75","sessionId":"61e0da32-34db-4052-9c40-63783e356c83","seleniumVersion":"3.7.1","proxyInformation":"ProxyInformation{proxyOption\u003dNO_PROXY, proxyServerType\u003dHTTP, password\u003d, proxyServerAddress\u003d, proxyServerPort\u003d0}","platform":"Windows 7"},"type":"TEST_SUITE","name":"AddNewAdmin","id":"Test Suites/AddNewAdmin","source":"","message":"Test Cases/User/AddAdmin FAILED because (of) org.codehaus.groovy.runtime.metaclass.MissingMethodExceptionNoStack: No signature of method: phpTravels.Admin.SetAdminDetails() is applicable for argument types: (java.lang.String) values: [1]\nPossible solutions: SetAdminDetails(int)","description":"","startTime":1540646652674,"endTime":1540646684847,"childRecords":[{"isOptional":false,"type":"TEST_CASE","name":"Test Cases/Common/NavigateToUrl","id":"Test Cases/Common/NavigateToUrl","source":"D:\\\\Katalon_Works\\\\Katalon_Assignment_2\\\\Renu_Katalon_Assignment_2\\\\Test Cases\\\\Common\\\\NavigateToUrl.tc","message":"Test Cases/Common/NavigateToUrl","description":"","startTime":1540646653446,"endTime":1540646670850,"childRecords":[{"testStatus":{"stackTrace":"","statusValue":"INFO"},"type":"MESSAGE","name":"","message":"Evaluating variables for test case","startTime":1540646653495,"endTime":0,"childRecords":[],"interuppted":false},{"index":1,"isIgnoredIfFailed":false,"type":"TEST_STEP","name":"openBrowser","message":"Browser is opened with url: \u0027\u0027","description":"","startTime":1540646654053,"endTime":1540646661693,"childRecords":[{"testStatus":{"stackTrace":"","statusValue":"PASSED"},"type":"MESSAGE","name":"","message":"Browser is opened with url: \u0027\u0027","startTime":1540646661692,"endTime":0,"childRecords":[],"interuppted":false}],"interuppted":false},{"index":2,"isIgnoredIfFailed":false,"type":"TEST_STEP","name":"openBrowser","message":"Browser is opened with url: \u0027\u0027","description":"","startTime":1540646661694,"endTime":1540646668333,"childRecords":[{"testStatus":{"stackTrace":"","statusValue":"WARNING"},"type":"MESSAGE","name":"","message":"A browser is already opened. Closing browser and opening a new one","startTime":1540646661698,"endTime":0,"childRecords":[],"interuppted":false},{"testStatus":{"stackTrace":"","statusValue":"PASSED"},"type":"MESSAGE","name":"","message":"Browser is opened with url: \u0027\u0027","startTime":1540646668331,"endTime":0,"childRecords":[],"interuppted":false}],"interuppted":false},{"index":3,"isIgnoredIfFailed":false,"type":"TEST_STEP","name":"navigateToUrl","message":"Navigate to \u0027https://www.phptravels.net/admin\u0027 successfully","description":"","startTime":1540646668335,"endTime":1540646670849,"childRecords":[{"testStatus":{"stackTrace":"","statusValue":"PASSED"},"type":"MESSAGE","name":"","message":"Navigate to \u0027https://www.phptravels.net/admin\u0027 successfully","startTime":1540646670843,"endTime":0,"childRecords":[],"interuppted":false}],"interuppted":false},{"testStatus":{"stackTrace":"","statusValue":"PASSED"},"type":"MESSAGE","name":"","message":"Test Cases/Common/NavigateToUrl","startTime":1540646670850,"endTime":0,"childRecords":[],"interuppted":false}],"interuppted":false},{"isOptional":false,"type":"TEST_CASE","name":"Test Cases/Common/Login","id":"Test Cases/Common/Login","source":"D:\\\\Katalon_Works\\\\Katalon_Assignment_2\\\\Renu_Katalon_Assignment_2\\\\Test Cases\\\\Common\\\\Login.tc","message":"Test Cases/Common/Login","description":"","startTime":1540646670860,"endTime":1540646673602,"childRecords":[{"testStatus":{"stackTrace":"","statusValue":"INFO"},"type":"MESSAGE","name":"","message":"Evaluating variables for test case","startTime":1540646670903,"endTime":0,"childRecords":[],"interuppted":false},{"index":1,"isIgnoredIfFailed":false,"type":"TEST_STEP","name":"phpTravels.Common.Login","message":"phpTravels.Common.Login is PASSED","description":"","startTime":1540646671278,"endTime":1540646673600,"childRecords":[{"testStatus":{"stackTrace":"","statusValue":"PASSED"},"type":"MESSAGE","name":"","message":"Text \u0027admin@phptravels.com\u0027 is set on object \u0027Object Repository/common/login/input_email\u0027","startTime":1540646672905,"endTime":0,"childRecords":[],"interuppted":false},{"testStatus":{"stackTrace":"","statusValue":"PASSED"},"type":"MESSAGE","name":"","message":"Text \u0027demoadmin\u0027 is set on object \u0027Object Repository/common/login/input_password\u0027","startTime":1540646673111,"endTime":0,"childRecords":[],"interuppted":false},{"testStatus":{"stackTrace":"","statusValue":"PASSED"},"type":"MESSAGE","name":"","message":"Object: \u0027Object Repository/common/login/button_Login\u0027 is clicked on","startTime":1540646673599,"endTime":0,"childRecords":[],"interuppted":false},{"testStatus":{"stackTrace":"","statusValue":"PASSED"},"type":"MESSAGE","name":"","message":"phpTravels.Common.Login is PASSED","startTime":1540646673599,"endTime":0,"childRecords":[],"interuppted":false}],"interuppted":false},{"testStatus":{"stackTrace":"","statusValue":"PASSED"},"type":"MESSAGE","name":"","message":"Test Cases/Common/Login","startTime":1540646673601,"endTime":0,"childRecords":[],"interuppted":false}],"interuppted":false},{"isOptional":false,"type":"TEST_CASE","name":"Test Cases/User/AddAdmin","id":"Test Cases/User/AddAdmin","source":"D:\\\\Katalon_Works\\\\Katalon_Assignment_2\\\\Renu_Katalon_Assignment_2\\\\Test Cases\\\\User\\\\AddAdmin.tc","message":"Test Cases/User/AddAdmin FAILED because (of) org.codehaus.groovy.runtime.metaclass.MissingMethodExceptionNoStack: No signature of method: phpTravels.Admin.SetAdminDetails() is applicable for argument types: (java.lang.String) values: [1]\nPossible solutions: SetAdminDetails(int)","description":"","startTime":1540646673628,"endTime":1540646682491,"childRecords":[{"testStatus":{"stackTrace":"","statusValue":"INFO"},"type":"MESSAGE","name":"","message":"Evaluating variables for test case","startTime":1540646673656,"endTime":0,"childRecords":[],"interuppted":false},{"index":1,"isIgnoredIfFailed":false,"type":"TEST_STEP","name":"phpTravels.Admin.NavigateToAdminPage","message":"phpTravels.Admin.NavigateToAdminPage is PASSED","description":"","startTime":1540646674006,"endTime":1540646682434,"childRecords":[{"testStatus":{"stackTrace":"","statusValue":"PASSED"},"type":"MESSAGE","name":"","message":"Object: \u0027Object Repository/user/admin/dashboard/a_Account\u0027 is clicked on","startTime":1540646677310,"endTime":0,"childRecords":[],"interuppted":false},{"testStatus":{"stackTrace":"","statusValue":"PASSED"},"type":"MESSAGE","name":"","message":"Object: \u0027Object Repository/user/admin/dashboard/a_Admin\u0027 is clicked on","startTime":1540646679583,"endTime":0,"childRecords":[],"interuppted":false},{"testStatus":{"stackTrace":"","statusValue":"PASSED"},"type":"MESSAGE","name":"","message":"Object: \u0027Object Repository/user/admin/action/button_Add\u0027 is clicked on","startTime":1540646682431,"endTime":0,"childRecords":[],"interuppted":false},{"testStatus":{"stackTrace":"","statusValue":"PASSED"},"type":"MESSAGE","name":"","message":"phpTravels.Admin.NavigateToAdminPage is PASSED","startTime":1540646682433,"endTime":0,"childRecords":[],"interuppted":false}],"interuppted":false},{"index":2,"isIgnoredIfFailed":false,"type":"TEST_STEP","name":"phpTravels.Admin.SetAdminDetails","message":"No signature of method: phpTravels.Admin.SetAdminDetails() is applicable for argument types: (java.lang.String) values: [1]\nPossible solutions: SetAdminDetails(int)","description":"","startTime":1540646682434,"endTime":1540646682466,"childRecords":[{"testStatus":{"stackTrace":"","statusValue":"ERROR"},"type":"MESSAGE","name":"","message":"No signature of method: phpTravels.Admin.SetAdminDetails() is applicable for argument types: (java.lang.String) values: [1]\nPossible solutions: SetAdminDetails(int)","startTime":1540646682457,"endTime":0,"childRecords":[],"interuppted":false}],"interuppted":false},{"testStatus":{"stackTrace":"","statusValue":"ERROR"},"type":"MESSAGE","name":"","message":"Test Cases/User/AddAdmin FAILED because (of) org.codehaus.groovy.runtime.metaclass.MissingMethodExceptionNoStack: No signature of method: phpTravels.Admin.SetAdminDetails() is applicable for argument types: (java.lang.String) values: [1]\nPossible solutions: SetAdminDetails(int)","startTime":1540646682475,"endTime":0,"childRecords":[],"interuppted":false}],"interuppted":false},{"isOptional":false,"type":"TEST_CASE","name":"Test Cases/Common/LoginFromDatabase","id":"Test Cases/Common/LoginFromDatabase","source":"D:\\\\Katalon_Works\\\\Katalon_Assignment_2\\\\Renu_Katalon_Assignment_2\\\\Test Cases\\\\Common\\\\LoginFromDatabase.tc","message":"Test Cases/Common/LoginFromDatabase FAILED because (of) groovy.lang.MissingMethodException: No signature of method: com.kms.katalon.core.testdata.DBData.getValue() is applicable for argument types: (java.lang.Integer, java.lang.String) values: [4, 1]\nPossible solutions: getValue(java.lang.String, int), getValue(int, int), getClass(), getData(), getType()","description":"","startTime":1540646682580,"endTime":1540646683645,"childRecords":[{"testStatus":{"stackTrace":"","statusValue":"INFO"},"type":"MESSAGE","name":"","message":"Evaluating variables for test case","startTime":1540646682600,"endTime":0,"childRecords":[],"interuppted":false},{"index":1,"isIgnoredIfFailed":false,"type":"TEST_STEP","name":"Statement - dbdata \u003d com.kms.katalon.core.testdata.TestDataFactory.findTestData(userDetail)","message":"Reading database data with query \u0027SELECT * FROM katalon_renu_16_10_2018.user\u0027","description":"","startTime":1540646682884,"endTime":1540646683573,"childRecords":[],"interuppted":false},{"index":2,"isIgnoredIfFailed":false,"type":"TEST_STEP","name":"Statement - userName \u003d dbdata.getValue(Email.ordinal(), userIndex)","description":"","startTime":1540646683574,"endTime":1540646683627,"childRecords":[],"interuppted":false},{"testStatus":{"stackTrace":"","statusValue":"ERROR"},"type":"MESSAGE","name":"","message":"Test Cases/Common/LoginFromDatabase FAILED because (of) groovy.lang.MissingMethodException: No signature of method: com.kms.katalon.core.testdata.DBData.getValue() is applicable for argument types: (java.lang.Integer, java.lang.String) values: [4, 1]\nPossible solutions: getValue(java.lang.String, int), getValue(int, int), getClass(), getData(), getType()","startTime":1540646683635,"endTime":0,"childRecords":[],"interuppted":false}],"interuppted":false}],"interuppted":false}