<?xml version="1.0" encoding="UTF-8"?>
<testsuites name="AddNewAdmin" time="32" tests="2" failures="0" errors="2">
   <testsuite name="AddNewAdmin" tests="2" failures="0" errors="2" time="32" timestamp="2018-10-27 18:54:12" hostname="Renu - Renu-PC" id="Test Suites/AddNewAdmin">
      <properties>
         <property name="deviceName" value=""/>
         <property name="devicePlatform" value=""/>
         <property name="logFolder" value="D:\\Katalon_Works\\Katalon_Assignment_2\\Renu_Katalon_Assignment_2\\Reports\\AddNewAdmin\\20181027_185409"/>
         <property name="logFiles" value="D:\\Katalon_Works\\Katalon_Assignment_2\\Renu_Katalon_Assignment_2\\Reports\\AddNewAdmin\\20181027_185409\\execution0.log"/>
         <property name="attachments" value=""/>
         <property name="hostName" value="Renu - Renu-PC"/>
         <property name="os" value="Windows 7 64bit"/>
         <property name="katalonVersion" value="5.4.1.1"/>
         <property name="browser" value="Firefox 62.0"/>
         <property name="dbServerInfo" value="MySQL 5.6.20"/>
         <property name="hostAddress" value="192.168.1.75"/>
         <property name="sessionId" value="61e0da32-34db-4052-9c40-63783e356c83"/>
         <property name="seleniumVersion" value="3.7.1"/>
         <property name="proxyInformation" value="ProxyInformation{proxyOption=NO_PROXY, proxyServerType=HTTP, password=, proxyServerAddress=, proxyServerPort=0}"/>
         <property name="platform" value="Windows 7"/>
      </properties>
      <testcase name="Test Cases/Common/NavigateToUrl" classname="Test Cases/Common/NavigateToUrl" status="PASSED">
         <system-out><![CDATA[2018-10-27 18:54:13 - [TEST_CASE][PASSED] - Test Cases/Common/NavigateToUrl: Test Cases/Common/NavigateToUrl

2018-10-27 18:54:14 - [TEST_STEP][PASSED] - openBrowser: Browser is opened with url: ''

2018-10-27 18:54:21 - [MESSAGE][PASSED] - Browser is opened with url: ''

2018-10-27 18:54:21 - [TEST_STEP][PASSED] - openBrowser: Browser is opened with url: ''

2018-10-27 18:54:21 - [MESSAGE][WARNING] - A browser is already opened. Closing browser and opening a new one

2018-10-27 18:54:28 - [MESSAGE][PASSED] - Browser is opened with url: ''

2018-10-27 18:54:28 - [TEST_STEP][PASSED] - navigateToUrl: Navigate to 'https://www.phptravels.net/admin' successfully

2018-10-27 18:54:30 - [MESSAGE][PASSED] - Navigate to 'https://www.phptravels.net/admin' successfully]]></system-out>
         <system-err><![CDATA[]]></system-err>
      </testcase>
      <testcase name="Test Cases/Common/Login" classname="Test Cases/Common/Login" status="PASSED">
         <system-out><![CDATA[2018-10-27 18:54:30 - [TEST_CASE][PASSED] - Test Cases/Common/Login: Test Cases/Common/Login

2018-10-27 18:54:31 - [TEST_STEP][PASSED] - phpTravels.Common.Login: phpTravels.Common.Login is PASSED

2018-10-27 18:54:32 - [MESSAGE][PASSED] - Text 'admin@phptravels.com' is set on object 'Object Repository/common/login/input_email'

2018-10-27 18:54:33 - [MESSAGE][PASSED] - Text 'demoadmin' is set on object 'Object Repository/common/login/input_password'

2018-10-27 18:54:33 - [MESSAGE][PASSED] - Object: 'Object Repository/common/login/button_Login' is clicked on

2018-10-27 18:54:33 - [MESSAGE][PASSED] - phpTravels.Common.Login is PASSED]]></system-out>
         <system-err><![CDATA[]]></system-err>
      </testcase>
      <testcase name="Test Cases/User/AddAdmin" classname="Test Cases/User/AddAdmin" status="ERROR">
         <error type="ERROR" message="Test Cases/User/AddAdmin FAILED because (of) org.codehaus.groovy.runtime.metaclass.MissingMethodExceptionNoStack: No signature of method: phpTravels.Admin.SetAdminDetails() is applicable for argument types: (java.lang.String) values: [1]
Possible solutions: SetAdminDetails(int)"/>
         <system-out><![CDATA[2018-10-27 18:54:33 - [TEST_CASE][ERROR] - Test Cases/User/AddAdmin: Test Cases/User/AddAdmin FAILED because (of) org.codehaus.groovy.runtime.metaclass.MissingMethodExceptionNoStack: No signature of method: phpTravels.Admin.SetAdminDetails() is applicable for argument types: (java.lang.String) values: [1]
Possible solutions: SetAdminDetails(int)

2018-10-27 18:54:34 - [TEST_STEP][PASSED] - phpTravels.Admin.NavigateToAdminPage: phpTravels.Admin.NavigateToAdminPage is PASSED

2018-10-27 18:54:37 - [MESSAGE][PASSED] - Object: 'Object Repository/user/admin/dashboard/a_Account' is clicked on

2018-10-27 18:54:39 - [MESSAGE][PASSED] - Object: 'Object Repository/user/admin/dashboard/a_Admin' is clicked on

2018-10-27 18:54:42 - [MESSAGE][PASSED] - Object: 'Object Repository/user/admin/action/button_Add' is clicked on

2018-10-27 18:54:42 - [MESSAGE][PASSED] - phpTravels.Admin.NavigateToAdminPage is PASSED

2018-10-27 18:54:42 - [TEST_STEP][ERROR] - phpTravels.Admin.SetAdminDetails: No signature of method: phpTravels.Admin.SetAdminDetails() is applicable for argument types: (java.lang.String) values: [1]
Possible solutions: SetAdminDetails(int)

2018-10-27 18:54:42 - [MESSAGE][ERROR] - No signature of method: phpTravels.Admin.SetAdminDetails() is applicable for argument types: (java.lang.String) values: [1]
Possible solutions: SetAdminDetails(int)]]></system-out>
         <system-err><![CDATA[2018-10-27 18:54:33 - [TEST_CASE][ERROR] - Test Cases/User/AddAdmin: Test Cases/User/AddAdmin FAILED because (of) org.codehaus.groovy.runtime.metaclass.MissingMethodExceptionNoStack: No signature of method: phpTravels.Admin.SetAdminDetails() is applicable for argument types: (java.lang.String) values: [1]
Possible solutions: SetAdminDetails(int)]]></system-err>
      </testcase>
      <testcase name="Test Cases/Common/LoginFromDatabase" classname="Test Cases/Common/LoginFromDatabase" status="ERROR">
         <error type="ERROR" message="Test Cases/Common/LoginFromDatabase FAILED because (of) groovy.lang.MissingMethodException: No signature of method: com.kms.katalon.core.testdata.DBData.getValue() is applicable for argument types: (java.lang.Integer, java.lang.String) values: [4, 1]
Possible solutions: getValue(java.lang.String, int), getValue(int, int), getClass(), getData(), getType()"/>
         <system-out><![CDATA[2018-10-27 18:54:42 - [TEST_CASE][ERROR] - Test Cases/Common/LoginFromDatabase: Test Cases/Common/LoginFromDatabase FAILED because (of) groovy.lang.MissingMethodException: No signature of method: com.kms.katalon.core.testdata.DBData.getValue() is applicable for argument types: (java.lang.Integer, java.lang.String) values: [4, 1]
Possible solutions: getValue(java.lang.String, int), getValue(int, int), getClass(), getData(), getType()

2018-10-27 18:54:42 - [TEST_STEP][PASSED] - Statement - dbdata = com.kms.katalon.core.testdata.TestDataFactory.findTestData(userDetail): Reading database data with query 'SELECT * FROM katalon_renu_16_10_2018.user'

2018-10-27 18:54:43 - [TEST_STEP][PASSED] - Statement - userName = dbdata.getValue(Email.ordinal(), userIndex): null]]></system-out>
         <system-err><![CDATA[2018-10-27 18:54:42 - [TEST_CASE][ERROR] - Test Cases/Common/LoginFromDatabase: Test Cases/Common/LoginFromDatabase FAILED because (of) groovy.lang.MissingMethodException: No signature of method: com.kms.katalon.core.testdata.DBData.getValue() is applicable for argument types: (java.lang.Integer, java.lang.String) values: [4, 1]
Possible solutions: getValue(java.lang.String, int), getValue(int, int), getClass(), getData(), getType()]]></system-err>
      </testcase>
      <system-out><![CDATA[2018-10-27 18:54:12 - [TEST_SUITE][ERROR] - AddNewAdmin: Test Cases/User/AddAdmin FAILED because (of) org.codehaus.groovy.runtime.metaclass.MissingMethodExceptionNoStack: No signature of method: phpTravels.Admin.SetAdminDetails() is applicable for argument types: (java.lang.String) values: [1]
Possible solutions: SetAdminDetails(int)]]></system-out>
      <system-err><![CDATA[2018-10-27 18:54:12 - [TEST_SUITE][ERROR] - AddNewAdmin: Test Cases/User/AddAdmin FAILED because (of) org.codehaus.groovy.runtime.metaclass.MissingMethodExceptionNoStack: No signature of method: phpTravels.Admin.SetAdminDetails() is applicable for argument types: (java.lang.String) values: [1]
Possible solutions: SetAdminDetails(int)]]></system-err>
   </testsuite>
</testsuites>
