<?xml version="1.0" encoding="UTF-8"?>
<testsuites name="CreateAdminandLogin" time="3" tests="0" failures="0" errors="4">
   <testsuite name="CreateAdminandLogin" tests="0" failures="0" errors="4" time="3" timestamp="2018-10-26 19:01:24" hostname="Renu - Renu-PC" id="Test Suites/CreateAdminandLogin">
      <properties>
         <property name="deviceName" value=""/>
         <property name="devicePlatform" value=""/>
         <property name="logFolder" value="D:\\Katalon_Works\\Katalon_Assignment_2\\Renu_Katalon_Assignment_2\\Reports\\CreateAdminandLogin\\20181026_190121"/>
         <property name="logFiles" value="D:\\Katalon_Works\\Katalon_Assignment_2\\Renu_Katalon_Assignment_2\\Reports\\CreateAdminandLogin\\20181026_190121\\execution0.log"/>
         <property name="attachments" value=""/>
         <property name="hostName" value="Renu - Renu-PC"/>
         <property name="hostAddress" value="192.168.1.75"/>
         <property name="os" value="Windows 7 64bit"/>
         <property name="katalonVersion" value="5.4.1.1"/>
         <property name="dbServerInfo" value="MySQL 5.6.20"/>
      </properties>
      <testcase name="Test Cases/Common/LoginAsAdmin" classname="Test Cases/Common/LoginAsAdmin" status="ERROR">
         <error type="ERROR" message="Test Cases/Common/LoginAsAdmin FAILED because (of) java.lang.ClassNotFoundException: phpTravels.commonUtils"/>
         <system-out><![CDATA[2018-10-26 19:01:25 - [TEST_CASE][ERROR] - Test Cases/Common/LoginAsAdmin: Test Cases/Common/LoginAsAdmin FAILED because (of) java.lang.ClassNotFoundException: phpTravels.commonUtils

2018-10-26 19:01:25 - [TEST_STEP][PASSED] - Statement - dbdata = com.kms.katalon.core.testdata.TestDataFactory.findTestData(adminDetails): Reading database data with query 'SELECT * FROM katalon_saranya_16_oct_18.users'

2018-10-26 19:01:26 - [TEST_STEP][PASSED] - Statement - userName = dbdata.getValue(5, 2): null

2018-10-26 19:01:26 - [TEST_STEP][PASSED] - Statement - password = dbdata.getValue(2, 2): null

2018-10-26 19:01:26 - [TEST_STEP][ERROR] - phpTravels.commonUtils.loginToPHPTravels: phpTravels.commonUtils

2018-10-26 19:01:26 - [MESSAGE][ERROR] - phpTravels.commonUtils]]></system-out>
         <system-err><![CDATA[2018-10-26 19:01:25 - [TEST_CASE][ERROR] - Test Cases/Common/LoginAsAdmin: Test Cases/Common/LoginAsAdmin FAILED because (of) java.lang.ClassNotFoundException: phpTravels.commonUtils]]></system-err>
      </testcase>
      <testcase name="Test Cases/CreateUser/AddAdmin" classname="Test Cases/CreateUser/AddAdmin" status="ERROR">
         <error type="ERROR" message="Test Cases/CreateUser/AddAdmin FAILED because (of) java.lang.ClassNotFoundException: phpTravels.PhpKeys"/>
         <system-out><![CDATA[2018-10-26 19:01:26 - [TEST_CASE][ERROR] - Test Cases/CreateUser/AddAdmin: Test Cases/CreateUser/AddAdmin FAILED because (of) java.lang.ClassNotFoundException: phpTravels.PhpKeys

2018-10-26 19:01:26 - [TEST_STEP][ERROR] - phpTravels.PhpKeys.navigateToCreateAdminPage: phpTravels.PhpKeys

2018-10-26 19:01:26 - [MESSAGE][ERROR] - phpTravels.PhpKeys]]></system-out>
         <system-err><![CDATA[2018-10-26 19:01:26 - [TEST_CASE][ERROR] - Test Cases/CreateUser/AddAdmin: Test Cases/CreateUser/AddAdmin FAILED because (of) java.lang.ClassNotFoundException: phpTravels.PhpKeys]]></system-err>
      </testcase>
      <testcase name="Test Cases/Common/LoginAsCreatedAdmin" classname="Test Cases/Common/LoginAsCreatedAdmin" status="ERROR">
         <error type="ERROR" message="Test Cases/Common/LoginAsCreatedAdmin FAILED because (of) java.lang.ClassNotFoundException: phpTravels.commonUtils"/>
         <system-out><![CDATA[2018-10-26 19:01:26 - [TEST_CASE][ERROR] - Test Cases/Common/LoginAsCreatedAdmin: Test Cases/Common/LoginAsCreatedAdmin FAILED because (of) java.lang.ClassNotFoundException: phpTravels.commonUtils

2018-10-26 19:01:27 - [TEST_STEP][PASSED] - Statement - dbdata = com.kms.katalon.core.testdata.TestDataFactory.findTestData(adminDetails): Reading database data with query 'SELECT * FROM katalon_saranya_16_oct_18.users'

2018-10-26 19:01:27 - [TEST_STEP][PASSED] - Statement - userName = dbdata.getValue(5, 1): null

2018-10-26 19:01:27 - [TEST_STEP][PASSED] - Statement - password = dbdata.getValue(2, 1): null

2018-10-26 19:01:27 - [TEST_STEP][ERROR] - phpTravels.commonUtils.loginToPHPTravels: phpTravels.commonUtils

2018-10-26 19:01:27 - [MESSAGE][ERROR] - phpTravels.commonUtils]]></system-out>
         <system-err><![CDATA[2018-10-26 19:01:26 - [TEST_CASE][ERROR] - Test Cases/Common/LoginAsCreatedAdmin: Test Cases/Common/LoginAsCreatedAdmin FAILED because (of) java.lang.ClassNotFoundException: phpTravels.commonUtils]]></system-err>
      </testcase>
      <testcase name="Test Cases/CreateTour/BookTour" classname="Test Cases/CreateTour/BookTour" status="ERROR">
         <error type="ERROR" message="Test Cases/CreateTour/BookTour FAILED because (of) java.lang.ClassNotFoundException: phpTravels.TourKeys"/>
         <system-out><![CDATA[2018-10-26 19:01:27 - [TEST_CASE][ERROR] - Test Cases/CreateTour/BookTour: Test Cases/CreateTour/BookTour FAILED because (of) java.lang.ClassNotFoundException: phpTravels.TourKeys

2018-10-26 19:01:27 - [TEST_STEP][ERROR] - phpTravels.TourKeys.navigateToNewTour: phpTravels.TourKeys

2018-10-26 19:01:27 - [MESSAGE][ERROR] - phpTravels.TourKeys]]></system-out>
         <system-err><![CDATA[2018-10-26 19:01:27 - [TEST_CASE][ERROR] - Test Cases/CreateTour/BookTour: Test Cases/CreateTour/BookTour FAILED because (of) java.lang.ClassNotFoundException: phpTravels.TourKeys]]></system-err>
      </testcase>
      <system-out><![CDATA[2018-10-26 19:01:24 - [TEST_SUITE][ERROR] - CreateAdminandLogin: Test Cases/Common/LoginAsAdmin FAILED because (of) java.lang.ClassNotFoundException: phpTravels.commonUtils]]></system-out>
      <system-err><![CDATA[2018-10-26 19:01:24 - [TEST_SUITE][ERROR] - CreateAdminandLogin: Test Cases/Common/LoginAsAdmin FAILED because (of) java.lang.ClassNotFoundException: phpTravels.commonUtils]]></system-err>
   </testsuite>
</testsuites>
