{"devicePlatform":"","logFolder":"D:\\Katalon_Works\\Katalon_Assignment_2\\Renu_Katalon_Assignment_2\\Reports\\AddNewAdmin\\20181027_185705","runData":{"hostName":"Renu - Renu-PC","os":"Windows 7 64bit","katalonVersion":"5.4.1.1","browser":"Firefox 62.0","dbServerInfo":"MySQL 5.6.20","hostAddress":"192.168.1.75","sessionId":"33e5914c-508b-4ace-9587-d2af689bc595","seleniumVersion":"3.7.1","proxyInformation":"ProxyInformation{proxyOption\u003dNO_PROXY, proxyServerType\u003dHTTP, password\u003d, proxyServerAddress\u003d, proxyServerPort\u003d0}","platform":"Windows 7"},"type":"TEST_SUITE","name":"AddNewAdmin","id":"Test Suites/AddNewAdmin","source":"","message":"Test Cases/User/AddAdmin FAILED because (of) org.codehaus.groovy.runtime.metaclass.MissingMethodExceptionNoStack: No signature of method: phpTravels.Admin.SetAdminDetails() is applicable for argument types: (java.lang.String) values: [1]\nPossible solutions: SetAdminDetails(int)","description":"","startTime":1540646828262,"endTime":1540646860928,"childRecords":[{"isOptional":false,"type":"TEST_CASE","name":"Test Cases/Common/NavigateToUrl","id":"Test Cases/Common/NavigateToUrl","source":"D:\\\\Katalon_Works\\\\Katalon_Assignment_2\\\\Renu_Katalon_Assignment_2\\\\Test Cases\\\\Common\\\\NavigateToUrl.tc","message":"Test Cases/Common/NavigateToUrl","description":"","startTime":1540646828888,"endTime":1540646846174,"childRecords":[{"testStatus":{"stackTrace":"","statusValue":"INFO"},"type":"MESSAGE","name":"","message":"Evaluating variables for test case","startTime":1540646828944,"endTime":0,"childRecords":[],"interuppted":false},{"index":1,"isIgnoredIfFailed":false,"type":"TEST_STEP","name":"openBrowser","message":"Browser is opened with url: \u0027\u0027","description":"","startTime":1540646829578,"endTime":1540646837433,"childRecords":[{"testStatus":{"stackTrace":"","statusValue":"PASSED"},"type":"MESSAGE","name":"","message":"Browser is opened with url: \u0027\u0027","startTime":1540646837432,"endTime":0,"childRecords":[],"interuppted":false}],"interuppted":false},{"index":2,"isIgnoredIfFailed":false,"type":"TEST_STEP","name":"openBrowser","message":"Browser is opened with url: \u0027\u0027","description":"","startTime":1540646837433,"endTime":1540646843357,"childRecords":[{"testStatus":{"stackTrace":"","statusValue":"WARNING"},"type":"MESSAGE","name":"","message":"A browser is already opened. Closing browser and opening a new one","startTime":1540646837435,"endTime":0,"childRecords":[],"interuppted":false},{"testStatus":{"stackTrace":"","statusValue":"PASSED"},"type":"MESSAGE","name":"","message":"Browser is opened with url: \u0027\u0027","startTime":1540646843356,"endTime":0,"childRecords":[],"interuppted":false}],"interuppted":false},{"index":3,"isIgnoredIfFailed":false,"type":"TEST_STEP","name":"navigateToUrl","message":"Navigate to \u0027https://www.phptravels.net/admin\u0027 successfully","description":"","startTime":1540646843360,"endTime":1540646846173,"childRecords":[{"testStatus":{"stackTrace":"","statusValue":"PASSED"},"type":"MESSAGE","name":"","message":"Navigate to \u0027https://www.phptravels.net/admin\u0027 successfully","startTime":1540646846172,"endTime":0,"childRecords":[],"interuppted":false}],"interuppted":false},{"testStatus":{"stackTrace":"","statusValue":"PASSED"},"type":"MESSAGE","name":"","message":"Test Cases/Common/NavigateToUrl","startTime":1540646846173,"endTime":0,"childRecords":[],"interuppted":false}],"interuppted":false},{"isOptional":false,"type":"TEST_CASE","name":"Test Cases/Common/Login","id":"Test Cases/Common/Login","source":"D:\\\\Katalon_Works\\\\Katalon_Assignment_2\\\\Renu_Katalon_Assignment_2\\\\Test Cases\\\\Common\\\\Login.tc","message":"Test Cases/Common/Login","description":"","startTime":1540646846192,"endTime":1540646848320,"childRecords":[{"testStatus":{"stackTrace":"","statusValue":"INFO"},"type":"MESSAGE","name":"","message":"Evaluating variables for test case","startTime":1540646846263,"endTime":0,"childRecords":[],"interuppted":false},{"index":1,"isIgnoredIfFailed":false,"type":"TEST_STEP","name":"phpTravels.Common.Login","message":"phpTravels.Common.Login is PASSED","description":"","startTime":1540646846683,"endTime":1540646848315,"childRecords":[{"testStatus":{"stackTrace":"","statusValue":"PASSED"},"type":"MESSAGE","name":"","message":"Text \u0027admin@phptravels.com\u0027 is set on object \u0027Object Repository/common/login/input_email\u0027","startTime":1540646847513,"endTime":0,"childRecords":[],"interuppted":false},{"testStatus":{"stackTrace":"","statusValue":"PASSED"},"type":"MESSAGE","name":"","message":"Text \u0027demoadmin\u0027 is set on object \u0027Object Repository/common/login/input_password\u0027","startTime":1540646847893,"endTime":0,"childRecords":[],"interuppted":false},{"testStatus":{"stackTrace":"","statusValue":"PASSED"},"type":"MESSAGE","name":"","message":"Object: \u0027Object Repository/common/login/button_Login\u0027 is clicked on","startTime":1540646848313,"endTime":0,"childRecords":[],"interuppted":false},{"testStatus":{"stackTrace":"","statusValue":"PASSED"},"type":"MESSAGE","name":"","message":"phpTravels.Common.Login is PASSED","startTime":1540646848314,"endTime":0,"childRecords":[],"interuppted":false}],"interuppted":false},{"testStatus":{"stackTrace":"","statusValue":"PASSED"},"type":"MESSAGE","name":"","message":"Test Cases/Common/Login","startTime":1540646848319,"endTime":0,"childRecords":[],"interuppted":false}],"interuppted":false},{"isOptional":false,"type":"TEST_CASE","name":"Test Cases/User/AddAdmin","id":"Test Cases/User/AddAdmin","source":"D:\\\\Katalon_Works\\\\Katalon_Assignment_2\\\\Renu_Katalon_Assignment_2\\\\Test Cases\\\\User\\\\AddAdmin.tc","message":"Test Cases/User/AddAdmin FAILED because (of) org.codehaus.groovy.runtime.metaclass.MissingMethodExceptionNoStack: No signature of method: phpTravels.Admin.SetAdminDetails() is applicable for argument types: (java.lang.String) values: [1]\nPossible solutions: SetAdminDetails(int)","description":"","startTime":1540646848337,"endTime":1540646859285,"childRecords":[{"testStatus":{"stackTrace":"","statusValue":"INFO"},"type":"MESSAGE","name":"","message":"Evaluating variables for test case","startTime":1540646848404,"endTime":0,"childRecords":[],"interuppted":false},{"index":1,"isIgnoredIfFailed":false,"type":"TEST_STEP","name":"phpTravels.Admin.NavigateToAdminPage","message":"phpTravels.Admin.NavigateToAdminPage is PASSED","description":"","startTime":1540646849037,"endTime":1540646859141,"childRecords":[{"testStatus":{"stackTrace":"","statusValue":"PASSED"},"type":"MESSAGE","name":"","message":"Object: \u0027Object Repository/user/admin/dashboard/a_Account\u0027 is clicked on","startTime":1540646852791,"endTime":0,"childRecords":[],"interuppted":false},{"testStatus":{"stackTrace":"","statusValue":"PASSED"},"type":"MESSAGE","name":"","message":"Object: \u0027Object Repository/user/admin/dashboard/a_Admin\u0027 is clicked on","startTime":1540646855721,"endTime":0,"childRecords":[],"interuppted":false},{"testStatus":{"stackTrace":"","statusValue":"PASSED"},"type":"MESSAGE","name":"","message":"Object: \u0027Object Repository/user/admin/action/button_Add\u0027 is clicked on","startTime":1540646859139,"endTime":0,"childRecords":[],"interuppted":false},{"testStatus":{"stackTrace":"","statusValue":"PASSED"},"type":"MESSAGE","name":"","message":"phpTravels.Admin.NavigateToAdminPage is PASSED","startTime":1540646859140,"endTime":0,"childRecords":[],"interuppted":false}],"interuppted":false},{"index":2,"isIgnoredIfFailed":false,"type":"TEST_STEP","name":"phpTravels.Admin.SetAdminDetails","message":"No signature of method: phpTravels.Admin.SetAdminDetails() is applicable for argument types: (java.lang.String) values: [1]\nPossible solutions: SetAdminDetails(int)","description":"","startTime":1540646859145,"endTime":1540646859216,"childRecords":[{"testStatus":{"stackTrace":"","statusValue":"ERROR"},"type":"MESSAGE","name":"","message":"No signature of method: phpTravels.Admin.SetAdminDetails() is applicable for argument types: (java.lang.String) values: [1]\nPossible solutions: SetAdminDetails(int)","startTime":1540646859200,"endTime":0,"childRecords":[],"interuppted":false}],"interuppted":false},{"testStatus":{"stackTrace":"","statusValue":"ERROR"},"type":"MESSAGE","name":"","message":"Test Cases/User/AddAdmin FAILED because (of) org.codehaus.groovy.runtime.metaclass.MissingMethodExceptionNoStack: No signature of method: phpTravels.Admin.SetAdminDetails() is applicable for argument types: (java.lang.String) values: [1]\nPossible solutions: SetAdminDetails(int)","startTime":1540646859223,"endTime":0,"childRecords":[],"interuppted":false}],"interuppted":false},{"isOptional":false,"type":"TEST_CASE","name":"Test Cases/Common/LoginFromDatabase","id":"Test Cases/Common/LoginFromDatabase","source":"D:\\\\Katalon_Works\\\\Katalon_Assignment_2\\\\Renu_Katalon_Assignment_2\\\\Test Cases\\\\Common\\\\LoginFromDatabase.tc","message":"Test Cases/Common/LoginFromDatabase FAILED because (of) groovy.lang.MissingMethodException: No signature of method: com.kms.katalon.core.testdata.DBData.getValue() is applicable for argument types: (java.lang.Integer, java.lang.String) values: [4, 1]\nPossible solutions: getValue(java.lang.String, int), getValue(int, int), getClass(), getData(), getType()","description":"","startTime":1540646859337,"endTime":1540646860506,"childRecords":[{"testStatus":{"stackTrace":"","statusValue":"INFO"},"type":"MESSAGE","name":"","message":"Evaluating variables for test case","startTime":1540646859396,"endTime":0,"childRecords":[],"interuppted":false},{"index":1,"isIgnoredIfFailed":false,"type":"TEST_STEP","name":"Statement - dbdata \u003d com.kms.katalon.core.testdata.TestDataFactory.findTestData(userDetail)","message":"Reading database data with query \u0027SELECT * FROM katalon_renu_16_10_2018.user\u0027","description":"","startTime":1540646859739,"endTime":1540646860410,"childRecords":[],"interuppted":false},{"index":2,"isIgnoredIfFailed":false,"type":"TEST_STEP","name":"Statement - userName \u003d dbdata.getValue(Email.ordinal(), userIndex)","description":"","startTime":1540646860411,"endTime":1540646860492,"childRecords":[],"interuppted":false},{"testStatus":{"stackTrace":"","statusValue":"ERROR"},"type":"MESSAGE","name":"","message":"Test Cases/Common/LoginFromDatabase FAILED because (of) groovy.lang.MissingMethodException: No signature of method: com.kms.katalon.core.testdata.DBData.getValue() is applicable for argument types: (java.lang.Integer, java.lang.String) values: [4, 1]\nPossible solutions: getValue(java.lang.String, int), getValue(int, int), getClass(), getData(), getType()","startTime":1540646860499,"endTime":0,"childRecords":[],"interuppted":false}],"interuppted":false}],"interuppted":false}